{"C:\\git\\automa\\mocha.conf.js":{"path":"C:\\git\\automa\\mocha.conf.js","s":{"1":1,"2":1,"3":1,"4":1,"5":1,"6":1,"7":1,"8":1,"9":1},"b":{},"f":{},"fnMap":{},"statementMap":{"1":{"start":{"line":4,"column":0},"end":{"line":4,"column":26}},"2":{"start":{"line":6,"column":0},"end":{"line":6,"column":27}},"3":{"start":{"line":9,"column":0},"end":{"line":9,"column":28}},"4":{"start":{"line":10,"column":0},"end":{"line":10,"column":28}},"5":{"start":{"line":11,"column":0},"end":{"line":11,"column":14}},"6":{"start":{"line":14,"column":0},"end":{"line":14,"column":32}},"7":{"start":{"line":17,"column":0},"end":{"line":17,"column":32}},"8":{"start":{"line":18,"column":0},"end":{"line":18,"column":38}},"9":{"start":{"line":19,"column":0},"end":{"line":19,"column":32}}},"branchMap":{}}}