{"C:\\git\\automa\\mocha.conf.js":{"path":"C:\\git\\automa\\mocha.conf.js","s":{"1":1,"2":1,"3":1,"4":1,"5":1,"6":1,"7":1,"8":1,"9":1},"b":{},"f":{},"fnMap":{},"statementMap":{"1":{"start":{"line":4,"column":0},"end":{"line":4,"column":31}},"2":{"start":{"line":6,"column":0},"end":{"line":6,"column":27}},"3":{"start":{"line":9,"column":0},"end":{"line":9,"column":28}},"4":{"start":{"line":10,"column":0},"end":{"line":10,"column":28}},"5":{"start":{"line":11,"column":0},"end":{"line":11,"column":14}},"6":{"start":{"line":14,"column":0},"end":{"line":14,"column":32}},"7":{"start":{"line":17,"column":0},"end":{"line":17,"column":32}},"8":{"start":{"line":18,"column":0},"end":{"line":18,"column":38}},"9":{"start":{"line":19,"column":0},"end":{"line":19,"column":32}}},"branchMap":{}},"C:\\git\\automa\\server\\index.js":{"path":"C:\\git\\automa\\server\\index.js","s":{"1":1,"2":1,"3":1,"4":1},"b":{"1":[1,0],"2":[1,0],"3":[1,1]},"f":{},"fnMap":{},"statementMap":{"1":{"start":{"line":4,"column":0},"end":{"line":4,"column":71}},"2":{"start":{"line":6,"column":0},"end":{"line":9,"column":1}},"3":{"start":{"line":8,"column":2},"end":{"line":8,"column":33}},"4":{"start":{"line":12,"column":0},"end":{"line":12,"column":44}}},"branchMap":{"1":{"line":4,"type":"binary-expr","locations":[{"start":{"line":4,"column":33},"end":{"line":4,"column":53}},{"start":{"line":4,"column":57},"end":{"line":4,"column":70}}]},"2":{"line":6,"type":"if","locations":[{"start":{"line":6,"column":0},"end":{"line":6,"column":0}},{"start":{"line":6,"column":0},"end":{"line":6,"column":0}}]},"3":{"line":6,"type":"binary-expr","locations":[{"start":{"line":6,"column":4},"end":{"line":6,"column":25}},{"start":{"line":6,"column":29},"end":{"line":6,"column":43}}]}}},"C:\\git\\automa\\server\\app.js":{"path":"C:\\git\\automa\\server\\app.js","s":{"1":1,"2":4,"3":1,"4":1,"5":1,"6":1,"7":1,"8":1,"9":1,"10":1,"11":1,"12":1,"13":1,"14":0,"15":0,"16":1,"17":0,"18":1,"19":1,"20":1,"21":1,"22":1,"23":1,"24":1,"25":1,"26":1,"27":1,"28":1},"b":{"1":[0,4],"2":[4,4],"3":[0,1]},"f":{"1":4,"2":0,"3":1,"4":1},"fnMap":{"1":{"name":"_interopRequireDefault","line":9,"loc":{"start":{"line":9,"column":0},"end":{"line":9,"column":37}},"skip":true},"2":{"name":"(anonymous_2)","line":31,"loc":{"start":{"line":31,"column":45},"end":{"line":31,"column":60}}},"3":{"name":"startServer","line":53,"loc":{"start":{"line":53,"column":0},"end":{"line":53,"column":23}}},"4":{"name":"(anonymous_4)","line":54,"loc":{"start":{"line":54,"column":88},"end":{"line":54,"column":100}}}},"statementMap":{"1":{"start":{"line":9,"column":0},"end":{"line":9,"column":97},"skip":true},"2":{"start":{"line":9,"column":39},"end":{"line":9,"column":95},"skip":true},"3":{"start":{"line":11,"column":0},"end":{"line":11,"column":34}},"4":{"start":{"line":13,"column":0},"end":{"line":13,"column":49}},"5":{"start":{"line":15,"column":0},"end":{"line":15,"column":36}},"6":{"start":{"line":17,"column":0},"end":{"line":17,"column":51}},"7":{"start":{"line":19,"column":0},"end":{"line":19,"column":57}},"8":{"start":{"line":21,"column":0},"end":{"line":21,"column":69}},"9":{"start":{"line":23,"column":0},"end":{"line":23,"column":28}},"10":{"start":{"line":25,"column":0},"end":{"line":25,"column":43}},"11":{"start":{"line":29,"column":0},"end":{"line":29,"column":52}},"12":{"start":{"line":30,"column":0},"end":{"line":30,"column":118}},"13":{"start":{"line":31,"column":0},"end":{"line":34,"column":3}},"14":{"start":{"line":32,"column":2},"end":{"line":32,"column":52}},"15":{"start":{"line":33,"column":2},"end":{"line":33,"column":19}},"16":{"start":{"line":37,"column":0},"end":{"line":39,"column":1}},"17":{"start":{"line":38,"column":2},"end":{"line":38,"column":27}},"18":{"start":{"line":42,"column":0},"end":{"line":42,"column":38}},"19":{"start":{"line":43,"column":0},"end":{"line":43,"column":49}},"20":{"start":{"line":44,"column":0},"end":{"line":47,"column":3}},"21":{"start":{"line":48,"column":0},"end":{"line":48,"column":39}},"22":{"start":{"line":49,"column":0},"end":{"line":49,"column":33}},"23":{"start":{"line":50,"column":0},"end":{"line":50,"column":25}},"24":{"start":{"line":53,"column":0},"end":{"line":57,"column":1}},"25":{"start":{"line":54,"column":2},"end":{"line":56,"column":5}},"26":{"start":{"line":55,"column":4},"end":{"line":55,"column":115}},"27":{"start":{"line":59,"column":0},"end":{"line":59,"column":26}},"28":{"start":{"line":62,"column":0},"end":{"line":62,"column":31}}},"branchMap":{"1":{"line":9,"type":"cond-expr","locations":[{"start":{"line":9,"column":70},"end":{"line":9,"column":73},"skip":true},{"start":{"line":9,"column":76},"end":{"line":9,"column":94},"skip":true}]},"2":{"line":9,"type":"binary-expr","locations":[{"start":{"line":9,"column":46},"end":{"line":9,"column":49},"skip":true},{"start":{"line":9,"column":53},"end":{"line":9,"column":67},"skip":true}]},"3":{"line":37,"type":"if","locations":[{"start":{"line":37,"column":0},"end":{"line":37,"column":0}},{"start":{"line":37,"column":0},"end":{"line":37,"column":0}}]}}},"C:\\git\\automa\\server\\config\\environment\\index.js":{"path":"C:\\git\\automa\\server\\config\\environment\\index.js","s":{"1":1,"2":1,"3":1,"4":0,"5":0,"6":0,"7":1,"8":1},"b":{"1":[0,0],"2":[1,1],"3":[1,1],"4":[1,0]},"f":{"1":0},"fnMap":{"1":{"name":"requiredProcessEnv","line":6,"loc":{"start":{"line":6,"column":0},"end":{"line":6,"column":34}}}},"statementMap":{"1":{"start":{"line":3,"column":0},"end":{"line":3,"column":27}},"2":{"start":{"line":4,"column":0},"end":{"line":4,"column":26}},"3":{"start":{"line":6,"column":0},"end":{"line":11,"column":1}},"4":{"start":{"line":7,"column":2},"end":{"line":9,"column":3}},"5":{"start":{"line":8,"column":4},"end":{"line":8,"column":74}},"6":{"start":{"line":10,"column":2},"end":{"line":10,"column":27}},"7":{"start":{"line":15,"column":0},"end":{"line":43,"column":2}},"8":{"start":{"line":47,"column":0},"end":{"line":47,"column":103}}},"branchMap":{"1":{"line":7,"type":"if","locations":[{"start":{"line":7,"column":2},"end":{"line":7,"column":2}},{"start":{"line":7,"column":2},"end":{"line":7,"column":2}}]},"2":{"line":22,"type":"binary-expr","locations":[{"start":{"line":22,"column":8},"end":{"line":22,"column":24}},{"start":{"line":22,"column":28},"end":{"line":22,"column":32}}]},"3":{"line":25,"type":"binary-expr","locations":[{"start":{"line":25,"column":6},"end":{"line":25,"column":20}},{"start":{"line":25,"column":24},"end":{"line":25,"column":33}}]},"4":{"line":47,"type":"binary-expr","locations":[{"start":{"line":47,"column":51},"end":{"line":47,"column":95}},{"start":{"line":47,"column":99},"end":{"line":47,"column":101}}]}}},"C:\\git\\automa\\server\\config\\environment\\shared.js":{"path":"C:\\git\\automa\\server\\config\\environment\\shared.js","s":{"1":1},"b":{},"f":{},"fnMap":{},"statementMap":{"1":{"start":{"line":3,"column":0},"end":{"line":6,"column":2}}},"branchMap":{}},"C:\\git\\automa\\server\\config\\environment\\test.js":{"path":"C:\\git\\automa\\server\\config\\environment\\test.js","s":{"1":1},"b":{},"f":{},"fnMap":{},"statementMap":{"1":{"start":{"line":5,"column":0},"end":{"line":20,"column":2}}},"branchMap":{}},"C:\\git\\automa\\server\\config\\socketio.js":{"path":"C:\\git\\automa\\server\\config\\socketio.js","s":{"1":1,"2":1,"3":1,"4":1,"5":1,"6":1,"7":1,"8":0,"9":0,"10":0,"11":1,"12":1,"13":0,"14":0,"15":0,"16":0,"17":0,"18":0,"19":0,"20":0,"21":0,"22":0,"23":0,"24":1},"b":{"1":[0,1],"2":[1,1]},"f":{"1":1,"2":0,"3":0,"4":0,"5":1,"6":0,"7":0,"8":0},"fnMap":{"1":{"name":"_interopRequireDefault","line":11,"loc":{"start":{"line":11,"column":0},"end":{"line":11,"column":37}},"skip":true},"2":{"name":"onDisconnect","line":18,"loc":{"start":{"line":18,"column":0},"end":{"line":18,"column":30}}},"3":{"name":"onConnect","line":21,"loc":{"start":{"line":21,"column":0},"end":{"line":21,"column":27}}},"4":{"name":"(anonymous_4)","line":23,"loc":{"start":{"line":23,"column":20},"end":{"line":23,"column":36}}},"5":{"name":"(anonymous_5)","line":31,"loc":{"start":{"line":31,"column":21},"end":{"line":31,"column":41}}},"6":{"name":"(anonymous_6)","line":47,"loc":{"start":{"line":47,"column":28},"end":{"line":47,"column":46}}},"7":{"name":"(anonymous_7)","line":52,"loc":{"start":{"line":52,"column":17},"end":{"line":52,"column":29}}},"8":{"name":"(anonymous_8)","line":61,"loc":{"start":{"line":61,"column":28},"end":{"line":61,"column":40}}}},"statementMap":{"1":{"start":{"line":6,"column":0},"end":{"line":8,"column":3}},"2":{"start":{"line":11,"column":0},"end":{"line":11,"column":97},"skip":true},"3":{"start":{"line":11,"column":39},"end":{"line":11,"column":95},"skip":true},"4":{"start":{"line":13,"column":0},"end":{"line":13,"column":44}},"5":{"start":{"line":15,"column":0},"end":{"line":15,"column":57}},"6":{"start":{"line":18,"column":0},"end":{"line":18,"column":32}},"7":{"start":{"line":21,"column":0},"end":{"line":29,"column":1}},"8":{"start":{"line":23,"column":2},"end":{"line":25,"column":5}},"9":{"start":{"line":24,"column":4},"end":{"line":24,"column":46}},"10":{"start":{"line":28,"column":2},"end":{"line":28,"column":56}},"11":{"start":{"line":31,"column":0},"end":{"line":70,"column":2}},"12":{"start":{"line":47,"column":2},"end":{"line":69,"column":5}},"13":{"start":{"line":48,"column":4},"end":{"line":48,"column":106}},"14":{"start":{"line":50,"column":4},"end":{"line":50,"column":36}},"15":{"start":{"line":52,"column":4},"end":{"line":58,"column":6}},"16":{"start":{"line":53,"column":6},"end":{"line":55,"column":7}},"17":{"start":{"line":54,"column":8},"end":{"line":54,"column":37}},"18":{"start":{"line":57,"column":6},"end":{"line":57,"column":109}},"19":{"start":{"line":61,"column":4},"end":{"line":64,"column":7}},"20":{"start":{"line":62,"column":6},"end":{"line":62,"column":27}},"21":{"start":{"line":63,"column":6},"end":{"line":63,"column":33}},"22":{"start":{"line":67,"column":4},"end":{"line":67,"column":22}},"23":{"start":{"line":68,"column":4},"end":{"line":68,"column":28}},"24":{"start":{"line":72,"column":0},"end":{"line":72,"column":36}}},"branchMap":{"1":{"line":11,"type":"cond-expr","locations":[{"start":{"line":11,"column":70},"end":{"line":11,"column":73},"skip":true},{"start":{"line":11,"column":76},"end":{"line":11,"column":94},"skip":true}]},"2":{"line":11,"type":"binary-expr","locations":[{"start":{"line":11,"column":46},"end":{"line":11,"column":49},"skip":true},{"start":{"line":11,"column":53},"end":{"line":11,"column":67},"skip":true}]}}},"C:\\git\\automa\\server\\config\\express.js":{"path":"C:\\git\\automa\\server\\config\\express.js","s":{"1":1,"2":1,"3":15,"4":1,"5":1,"6":1,"7":1,"8":1,"9":1,"10":1,"11":1,"12":1,"13":1,"14":1,"15":1,"16":1,"17":1,"18":1,"19":1,"20":1,"21":1,"22":1,"23":1,"24":1,"25":1,"26":1,"27":1,"28":1,"29":1,"30":1,"31":1,"32":1,"33":1,"34":1,"35":1,"36":1,"37":1,"38":1,"39":1,"40":1,"41":1,"42":1,"43":1,"44":1,"45":1,"46":1,"47":0,"48":1,"49":1,"50":0,"51":0,"52":0,"53":1,"54":0,"55":1,"56":1,"57":1,"58":1,"59":1,"60":1},"b":{"1":[0,15],"2":[15,15],"3":[0,1],"4":[0,1],"5":[0,1],"6":[1,0],"7":[1,1]},"f":{"1":15,"2":1},"fnMap":{"1":{"name":"_interopRequireDefault","line":12,"loc":{"start":{"line":12,"column":0},"end":{"line":12,"column":37}},"skip":true},"2":{"name":"(anonymous_2)","line":76,"loc":{"start":{"line":76,"column":21},"end":{"line":76,"column":36}}}},"statementMap":{"1":{"start":{"line":7,"column":0},"end":{"line":9,"column":3}},"2":{"start":{"line":12,"column":0},"end":{"line":12,"column":97},"skip":true},"3":{"start":{"line":12,"column":39},"end":{"line":12,"column":95},"skip":true},"4":{"start":{"line":14,"column":0},"end":{"line":14,"column":34}},"5":{"start":{"line":16,"column":0},"end":{"line":16,"column":49}},"6":{"start":{"line":18,"column":0},"end":{"line":18,"column":45}},"7":{"start":{"line":20,"column":0},"end":{"line":20,"column":59}},"8":{"start":{"line":22,"column":0},"end":{"line":22,"column":32}},"9":{"start":{"line":24,"column":0},"end":{"line":24,"column":47}},"10":{"start":{"line":26,"column":0},"end":{"line":26,"column":42}},"11":{"start":{"line":28,"column":0},"end":{"line":28,"column":57}},"12":{"start":{"line":30,"column":0},"end":{"line":30,"column":41}},"13":{"start":{"line":32,"column":0},"end":{"line":32,"column":55}},"14":{"start":{"line":34,"column":0},"end":{"line":34,"column":49}},"15":{"start":{"line":36,"column":0},"end":{"line":36,"column":63}},"16":{"start":{"line":38,"column":0},"end":{"line":38,"column":45}},"17":{"start":{"line":40,"column":0},"end":{"line":40,"column":59}},"18":{"start":{"line":42,"column":0},"end":{"line":42,"column":44}},"19":{"start":{"line":44,"column":0},"end":{"line":44,"column":59}},"20":{"start":{"line":46,"column":0},"end":{"line":46,"column":28}},"21":{"start":{"line":48,"column":0},"end":{"line":48,"column":43}},"22":{"start":{"line":50,"column":0},"end":{"line":50,"column":30}},"23":{"start":{"line":52,"column":0},"end":{"line":52,"column":45}},"24":{"start":{"line":54,"column":0},"end":{"line":54,"column":44}},"25":{"start":{"line":56,"column":0},"end":{"line":56,"column":57}},"26":{"start":{"line":58,"column":0},"end":{"line":58,"column":36}},"27":{"start":{"line":60,"column":0},"end":{"line":60,"column":51}},"28":{"start":{"line":62,"column":0},"end":{"line":62,"column":49}},"29":{"start":{"line":64,"column":0},"end":{"line":64,"column":63}},"30":{"start":{"line":66,"column":0},"end":{"line":66,"column":45}},"31":{"start":{"line":68,"column":0},"end":{"line":68,"column":59}},"32":{"start":{"line":70,"column":0},"end":{"line":70,"column":36}},"33":{"start":{"line":72,"column":0},"end":{"line":72,"column":51}},"34":{"start":{"line":74,"column":0},"end":{"line":74,"column":77}},"35":{"start":{"line":76,"column":0},"end":{"line":138,"column":2}},"36":{"start":{"line":77,"column":2},"end":{"line":77,"column":27}},"37":{"start":{"line":79,"column":2},"end":{"line":79,"column":68}},"38":{"start":{"line":80,"column":2},"end":{"line":80,"column":33}},"39":{"start":{"line":81,"column":2},"end":{"line":81,"column":43}},"40":{"start":{"line":82,"column":2},"end":{"line":82,"column":67}},"41":{"start":{"line":83,"column":2},"end":{"line":83,"column":42}},"42":{"start":{"line":84,"column":2},"end":{"line":84,"column":46}},"43":{"start":{"line":85,"column":2},"end":{"line":85,"column":44}},"44":{"start":{"line":86,"column":2},"end":{"line":86,"column":46}},"45":{"start":{"line":91,"column":2},"end":{"line":99,"column":6}},"46":{"start":{"line":105,"column":2},"end":{"line":118,"column":3}},"47":{"start":{"line":106,"column":4},"end":{"line":117,"column":8}},"48":{"start":{"line":120,"column":2},"end":{"line":120,"column":86}},"49":{"start":{"line":122,"column":2},"end":{"line":126,"column":3}},"50":{"start":{"line":123,"column":4},"end":{"line":123,"column":124}},"51":{"start":{"line":124,"column":4},"end":{"line":124,"column":64}},"52":{"start":{"line":125,"column":4},"end":{"line":125,"column":45}},"53":{"start":{"line":128,"column":2},"end":{"line":130,"column":3}},"54":{"start":{"line":129,"column":4},"end":{"line":129,"column":45}},"55":{"start":{"line":132,"column":2},"end":{"line":137,"column":3}},"56":{"start":{"line":133,"column":4},"end":{"line":133,"column":107}},"57":{"start":{"line":134,"column":4},"end":{"line":134,"column":64}},"58":{"start":{"line":135,"column":4},"end":{"line":135,"column":45}},"59":{"start":{"line":136,"column":4},"end":{"line":136,"column":46}},"60":{"start":{"line":140,"column":0},"end":{"line":140,"column":36}}},"branchMap":{"1":{"line":12,"type":"cond-expr","locations":[{"start":{"line":12,"column":70},"end":{"line":12,"column":73},"skip":true},{"start":{"line":12,"column":76},"end":{"line":12,"column":94},"skip":true}]},"2":{"line":12,"type":"binary-expr","locations":[{"start":{"line":12,"column":46},"end":{"line":12,"column":49},"skip":true},{"start":{"line":12,"column":53},"end":{"line":12,"column":67},"skip":true}]},"3":{"line":105,"type":"if","locations":[{"start":{"line":105,"column":2},"end":{"line":105,"column":2}},{"start":{"line":105,"column":2},"end":{"line":105,"column":2}}]},"4":{"line":122,"type":"if","locations":[{"start":{"line":122,"column":2},"end":{"line":122,"column":2}},{"start":{"line":122,"column":2},"end":{"line":122,"column":2}}]},"5":{"line":128,"type":"if","locations":[{"start":{"line":128,"column":2},"end":{"line":128,"column":2}},{"start":{"line":128,"column":2},"end":{"line":128,"column":2}}]},"6":{"line":132,"type":"if","locations":[{"start":{"line":132,"column":2},"end":{"line":132,"column":2}},{"start":{"line":132,"column":2},"end":{"line":132,"column":2}}]},"7":{"line":132,"type":"binary-expr","locations":[{"start":{"line":132,"column":6},"end":{"line":132,"column":27}},{"start":{"line":132,"column":31},"end":{"line":132,"column":45}}]}}},"C:\\git\\automa\\server\\routes.js":{"path":"C:\\git\\automa\\server\\routes.js","s":{"1":1,"2":1,"3":2,"4":1,"5":1,"6":1,"7":1,"8":1,"9":1,"10":1,"11":1,"12":1,"13":1,"14":0,"15":1},"b":{"1":[0,2],"2":[2,2]},"f":{"1":2,"2":1,"3":0},"fnMap":{"1":{"name":"_interopRequireDefault","line":12,"loc":{"start":{"line":12,"column":0},"end":{"line":12,"column":37}},"skip":true},"2":{"name":"(anonymous_2)","line":22,"loc":{"start":{"line":22,"column":21},"end":{"line":22,"column":36}}},"3":{"name":"(anonymous_3)","line":33,"loc":{"start":{"line":33,"column":22},"end":{"line":33,"column":42}}}},"statementMap":{"1":{"start":{"line":7,"column":0},"end":{"line":9,"column":3}},"2":{"start":{"line":12,"column":0},"end":{"line":12,"column":97},"skip":true},"3":{"start":{"line":12,"column":39},"end":{"line":12,"column":95},"skip":true},"4":{"start":{"line":14,"column":0},"end":{"line":14,"column":55}},"5":{"start":{"line":16,"column":0},"end":{"line":16,"column":67}},"6":{"start":{"line":18,"column":0},"end":{"line":18,"column":28}},"7":{"start":{"line":20,"column":0},"end":{"line":20,"column":43}},"8":{"start":{"line":22,"column":0},"end":{"line":36,"column":2}},"9":{"start":{"line":24,"column":2},"end":{"line":24,"column":49}},"10":{"start":{"line":25,"column":2},"end":{"line":25,"column":47}},"11":{"start":{"line":27,"column":2},"end":{"line":27,"column":38}},"12":{"start":{"line":30,"column":2},"end":{"line":30,"column":112}},"13":{"start":{"line":33,"column":2},"end":{"line":35,"column":5}},"14":{"start":{"line":34,"column":4},"end":{"line":34,"column":80}},"15":{"start":{"line":38,"column":0},"end":{"line":38,"column":36}}},"branchMap":{"1":{"line":12,"type":"cond-expr","locations":[{"start":{"line":12,"column":70},"end":{"line":12,"column":73},"skip":true},{"start":{"line":12,"column":76},"end":{"line":12,"column":94},"skip":true}]},"2":{"line":12,"type":"binary-expr","locations":[{"start":{"line":12,"column":46},"end":{"line":12,"column":49},"skip":true},{"start":{"line":12,"column":53},"end":{"line":12,"column":67},"skip":true}]}}},"C:\\git\\automa\\server\\components\\errors\\index.js":{"path":"C:\\git\\automa\\server\\components\\errors\\index.js","s":{"1":1,"2":0,"3":0,"4":0,"5":0,"6":0,"7":0,"8":0,"9":0},"b":{"1":[0,0]},"f":{"1":0,"2":0},"fnMap":{"1":{"name":"pageNotFound","line":7,"loc":{"start":{"line":7,"column":22},"end":{"line":7,"column":54}}},"2":{"name":"(anonymous_2)","line":15,"loc":{"start":{"line":15,"column":31},"end":{"line":15,"column":52}}}},"statementMap":{"1":{"start":{"line":7,"column":0},"end":{"line":22,"column":2}},"2":{"start":{"line":8,"column":2},"end":{"line":8,"column":27}},"3":{"start":{"line":9,"column":2},"end":{"line":9,"column":23}},"4":{"start":{"line":10,"column":2},"end":{"line":12,"column":4}},"5":{"start":{"line":14,"column":2},"end":{"line":14,"column":28}},"6":{"start":{"line":15,"column":2},"end":{"line":21,"column":5}},"7":{"start":{"line":16,"column":4},"end":{"line":18,"column":5}},"8":{"start":{"line":17,"column":6},"end":{"line":17,"column":45}},"9":{"start":{"line":20,"column":4},"end":{"line":20,"column":19}}},"branchMap":{"1":{"line":16,"type":"if","locations":[{"start":{"line":16,"column":4},"end":{"line":16,"column":4}},{"start":{"line":16,"column":4},"end":{"line":16,"column":4}}]}}},"C:\\git\\automa\\server\\api\\thing\\index.js":{"path":"C:\\git\\automa\\server\\api\\thing\\index.js","s":{"1":1,"2":1,"3":1,"4":1,"5":1,"6":1,"7":1,"8":1,"9":1,"10":1},"b":{},"f":{},"fnMap":{},"statementMap":{"1":{"start":{"line":3,"column":0},"end":{"line":3,"column":33}},"2":{"start":{"line":4,"column":0},"end":{"line":4,"column":47}},"3":{"start":{"line":6,"column":0},"end":{"line":6,"column":30}},"4":{"start":{"line":8,"column":0},"end":{"line":8,"column":34}},"5":{"start":{"line":9,"column":0},"end":{"line":9,"column":36}},"6":{"start":{"line":10,"column":0},"end":{"line":10,"column":36}},"7":{"start":{"line":11,"column":0},"end":{"line":11,"column":38}},"8":{"start":{"line":12,"column":0},"end":{"line":12,"column":40}},"9":{"start":{"line":13,"column":0},"end":{"line":13,"column":45}},"10":{"start":{"line":15,"column":0},"end":{"line":15,"column":24}}},"branchMap":{}},"C:\\git\\automa\\server\\api\\thing\\thing.controller.js":{"path":"C:\\git\\automa\\server\\api\\thing\\thing.controller.js","s":{"1":1,"2":1,"3":1,"4":1,"5":1,"6":1,"7":1,"8":1,"9":1,"10":1,"11":1,"12":1,"13":6,"14":6,"15":0,"16":1,"17":4,"18":4,"19":4,"20":4,"21":1,"22":4,"23":4,"24":1,"25":1,"26":3,"27":1,"28":1,"29":1,"30":1,"31":1,"32":1,"33":2,"34":2,"35":1,"36":1,"37":1,"38":1,"39":1,"40":1,"41":1,"42":1,"43":1,"44":1,"45":0,"46":1,"47":1,"48":2},"b":{"1":[0,1],"2":[1,1],"3":[6,6],"4":[4,3],"5":[4,0],"6":[1,3],"7":[1,1],"8":[0,1]},"f":{"1":1,"2":6,"3":0,"4":4,"5":4,"6":4,"7":4,"8":1,"9":1,"10":1,"11":2,"12":2,"13":1,"14":1,"15":1,"16":1,"17":1,"18":2},"fnMap":{"1":{"name":"_interopRequireDefault","line":22,"loc":{"start":{"line":22,"column":0},"end":{"line":22,"column":37}},"skip":true},"2":{"name":"handleError","line":30,"loc":{"start":{"line":30,"column":0},"end":{"line":30,"column":38}}},"3":{"name":"(anonymous_3)","line":32,"loc":{"start":{"line":32,"column":9},"end":{"line":32,"column":24}}},"4":{"name":"responseWithResult","line":37,"loc":{"start":{"line":37,"column":0},"end":{"line":37,"column":45}}},"5":{"name":"(anonymous_5)","line":39,"loc":{"start":{"line":39,"column":9},"end":{"line":39,"column":27}}},"6":{"name":"handleEntityNotFound","line":46,"loc":{"start":{"line":46,"column":0},"end":{"line":46,"column":35}}},"7":{"name":"(anonymous_7)","line":47,"loc":{"start":{"line":47,"column":9},"end":{"line":47,"column":27}}},"8":{"name":"saveUpdates","line":56,"loc":{"start":{"line":56,"column":0},"end":{"line":56,"column":30}}},"9":{"name":"(anonymous_9)","line":57,"loc":{"start":{"line":57,"column":9},"end":{"line":57,"column":27}}},"10":{"name":"(anonymous_10)","line":59,"loc":{"start":{"line":59,"column":38},"end":{"line":59,"column":57}}},"11":{"name":"removeEntity","line":65,"loc":{"start":{"line":65,"column":0},"end":{"line":65,"column":27}}},"12":{"name":"(anonymous_12)","line":66,"loc":{"start":{"line":66,"column":9},"end":{"line":66,"column":27}}},"13":{"name":"(anonymous_13)","line":68,"loc":{"start":{"line":68,"column":39},"end":{"line":68,"column":51}}},"14":{"name":"index","line":77,"loc":{"start":{"line":77,"column":0},"end":{"line":77,"column":25}}},"15":{"name":"show","line":83,"loc":{"start":{"line":83,"column":0},"end":{"line":83,"column":24}}},"16":{"name":"create","line":89,"loc":{"start":{"line":89,"column":0},"end":{"line":89,"column":26}}},"17":{"name":"update","line":95,"loc":{"start":{"line":95,"column":0},"end":{"line":95,"column":26}}},"18":{"name":"destroy","line":104,"loc":{"start":{"line":104,"column":0},"end":{"line":104,"column":27}}}},"statementMap":{"1":{"start":{"line":12,"column":0},"end":{"line":14,"column":3}},"2":{"start":{"line":15,"column":0},"end":{"line":15,"column":22}},"3":{"start":{"line":16,"column":0},"end":{"line":16,"column":20}},"4":{"start":{"line":17,"column":0},"end":{"line":17,"column":24}},"5":{"start":{"line":18,"column":0},"end":{"line":18,"column":24}},"6":{"start":{"line":19,"column":0},"end":{"line":19,"column":26}},"7":{"start":{"line":22,"column":0},"end":{"line":22,"column":97},"skip":true},"8":{"start":{"line":22,"column":39},"end":{"line":22,"column":95},"skip":true},"9":{"start":{"line":24,"column":0},"end":{"line":24,"column":32}},"10":{"start":{"line":26,"column":0},"end":{"line":26,"column":47}},"11":{"start":{"line":28,"column":0},"end":{"line":28,"column":37}},"12":{"start":{"line":30,"column":0},"end":{"line":35,"column":1}},"13":{"start":{"line":31,"column":2},"end":{"line":31,"column":33}},"14":{"start":{"line":32,"column":2},"end":{"line":34,"column":4}},"15":{"start":{"line":33,"column":4},"end":{"line":33,"column":37}},"16":{"start":{"line":37,"column":0},"end":{"line":44,"column":1}},"17":{"start":{"line":38,"column":2},"end":{"line":38,"column":33}},"18":{"start":{"line":39,"column":2},"end":{"line":43,"column":4}},"19":{"start":{"line":40,"column":4},"end":{"line":42,"column":5}},"20":{"start":{"line":41,"column":6},"end":{"line":41,"column":42}},"21":{"start":{"line":46,"column":0},"end":{"line":54,"column":1}},"22":{"start":{"line":47,"column":2},"end":{"line":53,"column":4}},"23":{"start":{"line":48,"column":4},"end":{"line":51,"column":5}},"24":{"start":{"line":49,"column":6},"end":{"line":49,"column":28}},"25":{"start":{"line":50,"column":6},"end":{"line":50,"column":18}},"26":{"start":{"line":52,"column":4},"end":{"line":52,"column":18}},"27":{"start":{"line":56,"column":0},"end":{"line":63,"column":1}},"28":{"start":{"line":57,"column":2},"end":{"line":62,"column":4}},"29":{"start":{"line":58,"column":4},"end":{"line":58,"column":61}},"30":{"start":{"line":59,"column":4},"end":{"line":61,"column":7}},"31":{"start":{"line":60,"column":6},"end":{"line":60,"column":21}},"32":{"start":{"line":65,"column":0},"end":{"line":73,"column":1}},"33":{"start":{"line":66,"column":2},"end":{"line":72,"column":4}},"34":{"start":{"line":67,"column":4},"end":{"line":71,"column":5}},"35":{"start":{"line":68,"column":6},"end":{"line":70,"column":9}},"36":{"start":{"line":69,"column":8},"end":{"line":69,"column":30}},"37":{"start":{"line":77,"column":0},"end":{"line":79,"column":1}},"38":{"start":{"line":78,"column":2},"end":{"line":78,"column":77}},"39":{"start":{"line":83,"column":0},"end":{"line":85,"column":1}},"40":{"start":{"line":84,"column":2},"end":{"line":84,"column":126}},"41":{"start":{"line":89,"column":0},"end":{"line":91,"column":1}},"42":{"start":{"line":90,"column":2},"end":{"line":90,"column":92}},"43":{"start":{"line":95,"column":0},"end":{"line":100,"column":1}},"44":{"start":{"line":96,"column":2},"end":{"line":98,"column":3}},"45":{"start":{"line":97,"column":4},"end":{"line":97,"column":24}},"46":{"start":{"line":99,"column":2},"end":{"line":99,"column":154}},"47":{"start":{"line":104,"column":0},"end":{"line":106,"column":1}},"48":{"start":{"line":105,"column":2},"end":{"line":105,"column":120}}},"branchMap":{"1":{"line":22,"type":"cond-expr","locations":[{"start":{"line":22,"column":70},"end":{"line":22,"column":73},"skip":true},{"start":{"line":22,"column":76},"end":{"line":22,"column":94},"skip":true}]},"2":{"line":22,"type":"binary-expr","locations":[{"start":{"line":22,"column":46},"end":{"line":22,"column":49},"skip":true},{"start":{"line":22,"column":53},"end":{"line":22,"column":67},"skip":true}]},"3":{"line":31,"type":"binary-expr","locations":[{"start":{"line":31,"column":15},"end":{"line":31,"column":25}},{"start":{"line":31,"column":29},"end":{"line":31,"column":32}}]},"4":{"line":38,"type":"binary-expr","locations":[{"start":{"line":38,"column":15},"end":{"line":38,"column":25}},{"start":{"line":38,"column":29},"end":{"line":38,"column":32}}]},"5":{"line":40,"type":"if","locations":[{"start":{"line":40,"column":4},"end":{"line":40,"column":4}},{"start":{"line":40,"column":4},"end":{"line":40,"column":4}}]},"6":{"line":48,"type":"if","locations":[{"start":{"line":48,"column":4},"end":{"line":48,"column":4}},{"start":{"line":48,"column":4},"end":{"line":48,"column":4}}]},"7":{"line":67,"type":"if","locations":[{"start":{"line":67,"column":4},"end":{"line":67,"column":4}},{"start":{"line":67,"column":4},"end":{"line":67,"column":4}}]},"8":{"line":96,"type":"if","locations":[{"start":{"line":96,"column":2},"end":{"line":96,"column":2}},{"start":{"line":96,"column":2},"end":{"line":96,"column":2}}]}}},"C:\\git\\automa\\server\\api\\thing\\thing.model.js":{"path":"C:\\git\\automa\\server\\api\\thing\\thing.model.js","s":{"1":1,"2":1,"3":1,"4":1,"5":1},"b":{},"f":{},"fnMap":{},"statementMap":{"1":{"start":{"line":3,"column":0},"end":{"line":5,"column":3}},"2":{"start":{"line":6,"column":0},"end":{"line":6,"column":69}},"3":{"start":{"line":8,"column":0},"end":{"line":12,"column":3}},"4":{"start":{"line":14,"column":0},"end":{"line":14,"column":58}},"5":{"start":{"line":15,"column":0},"end":{"line":15,"column":36}}},"branchMap":{}},"C:\\git\\automa\\server\\api\\user\\index.js":{"path":"C:\\git\\automa\\server\\api\\user\\index.js","s":{"1":1,"2":1,"3":2,"4":2,"5":0,"6":0,"7":0,"8":0,"9":0,"10":0,"11":0,"12":1,"13":1,"14":1,"15":1,"16":1,"17":1,"18":1,"19":1,"20":1,"21":1,"22":1,"23":1,"24":1,"25":1},"b":{"1":[2,0],"2":[2,2],"3":[0,0],"4":[0,0]},"f":{"1":2},"fnMap":{"1":{"name":"_interopRequireWildcard","line":8,"loc":{"start":{"line":8,"column":0},"end":{"line":8,"column":38}},"skip":true}},"statementMap":{"1":{"start":{"line":3,"column":0},"end":{"line":5,"column":3}},"2":{"start":{"line":8,"column":0},"end":{"line":8,"column":272},"skip":true},"3":{"start":{"line":8,"column":40},"end":{"line":8,"column":270},"skip":true},"4":{"start":{"line":8,"column":69},"end":{"line":8,"column":80},"skip":true},"5":{"start":{"line":8,"column":90},"end":{"line":8,"column":106},"skip":true},"6":{"start":{"line":8,"column":107},"end":{"line":8,"column":228},"skip":true},"7":{"start":{"line":8,"column":126},"end":{"line":8,"column":226},"skip":true},"8":{"start":{"line":8,"column":149},"end":{"line":8,"column":224},"skip":true},"9":{"start":{"line":8,"column":201},"end":{"line":8,"column":224},"skip":true},"10":{"start":{"line":8,"column":229},"end":{"line":8,"column":253},"skip":true},"11":{"start":{"line":8,"column":254},"end":{"line":8,"column":268},"skip":true},"12":{"start":{"line":10,"column":0},"end":{"line":10,"column":34}},"13":{"start":{"line":12,"column":0},"end":{"line":12,"column":51}},"14":{"start":{"line":14,"column":0},"end":{"line":14,"column":58}},"15":{"start":{"line":16,"column":0},"end":{"line":16,"column":58}},"16":{"start":{"line":18,"column":0},"end":{"line":18,"column":53}},"17":{"start":{"line":20,"column":0},"end":{"line":20,"column":35}},"18":{"start":{"line":22,"column":0},"end":{"line":22,"column":57}},"19":{"start":{"line":23,"column":0},"end":{"line":23,"column":68}},"20":{"start":{"line":24,"column":0},"end":{"line":24,"column":57}},"21":{"start":{"line":25,"column":0},"end":{"line":25,"column":79}},"22":{"start":{"line":26,"column":0},"end":{"line":26,"column":60}},"23":{"start":{"line":27,"column":0},"end":{"line":27,"column":36}},"24":{"start":{"line":29,"column":0},"end":{"line":29,"column":28}},"25":{"start":{"line":30,"column":0},"end":{"line":30,"column":36}}},"branchMap":{"1":{"line":8,"type":"if","locations":[{"start":{"line":8,"column":40},"end":{"line":8,"column":40},"skip":true},{"start":{"line":8,"column":40},"end":{"line":8,"column":40},"skip":true}]},"2":{"line":8,"type":"binary-expr","locations":[{"start":{"line":8,"column":44},"end":{"line":8,"column":47},"skip":true},{"start":{"line":8,"column":51},"end":{"line":8,"column":65},"skip":true}]},"3":{"line":8,"type":"if","locations":[{"start":{"line":8,"column":107},"end":{"line":8,"column":107},"skip":true},{"start":{"line":8,"column":107},"end":{"line":8,"column":107},"skip":true}]},"4":{"line":8,"type":"if","locations":[{"start":{"line":8,"column":149},"end":{"line":8,"column":149},"skip":true},{"start":{"line":8,"column":149},"end":{"line":8,"column":149},"skip":true}]}}},"C:\\git\\automa\\server\\api\\user\\user.controller.js":{"path":"C:\\git\\automa\\server\\api\\user\\user.controller.js","s":{"1":1,"2":1,"3":1,"4":1,"5":1,"6":1,"7":1,"8":1,"9":1,"10":4,"11":1,"12":1,"13":1,"14":1,"15":1,"16":1,"17":1,"18":1,"19":1,"20":0,"21":0,"22":0,"23":1,"24":0,"25":0,"26":0,"27":1,"28":0,"29":0,"30":0,"31":1,"32":0,"33":0,"34":1,"35":0,"36":0,"37":0,"38":0,"39":0,"40":0,"41":1,"42":0,"43":0,"44":0,"45":0,"46":0,"47":0,"48":1,"49":0,"50":0,"51":1,"52":0,"53":0,"54":0,"55":0,"56":0,"57":0,"58":0,"59":0,"60":0,"61":1,"62":1,"63":1,"64":1,"65":0,"66":1,"67":0,"68":1,"69":0},"b":{"1":[0,4],"2":[4,4],"3":[0,0],"4":[0,0],"5":[0,0],"6":[0,0],"7":[0,0],"8":[0,1]},"f":{"1":4,"2":0,"3":0,"4":0,"5":0,"6":0,"7":0,"8":0,"9":0,"10":0,"11":0,"12":0,"13":0,"14":0,"15":0,"16":0,"17":0,"18":0,"19":0,"20":1,"21":1,"22":0,"23":0},"fnMap":{"1":{"name":"_interopRequireDefault","line":15,"loc":{"start":{"line":15,"column":0},"end":{"line":15,"column":37}},"skip":true},"2":{"name":"validationError","line":33,"loc":{"start":{"line":33,"column":0},"end":{"line":33,"column":42}}},"3":{"name":"(anonymous_3)","line":35,"loc":{"start":{"line":35,"column":9},"end":{"line":35,"column":24}}},"4":{"name":"handleError","line":40,"loc":{"start":{"line":40,"column":0},"end":{"line":40,"column":38}}},"5":{"name":"(anonymous_5)","line":42,"loc":{"start":{"line":42,"column":9},"end":{"line":42,"column":24}}},"6":{"name":"respondWith","line":47,"loc":{"start":{"line":47,"column":0},"end":{"line":47,"column":38}}},"7":{"name":"(anonymous_7)","line":49,"loc":{"start":{"line":49,"column":9},"end":{"line":49,"column":21}}},"8":{"name":"index","line":59,"loc":{"start":{"line":59,"column":0},"end":{"line":59,"column":25}}},"9":{"name":"(anonymous_9)","line":60,"loc":{"start":{"line":60,"column":63},"end":{"line":60,"column":80}}},"10":{"name":"create","line":69,"loc":{"start":{"line":69,"column":0},"end":{"line":69,"column":32}}},"11":{"name":"(anonymous_11)","line":73,"loc":{"start":{"line":73,"column":29},"end":{"line":73,"column":45}}},"12":{"name":"show","line":85,"loc":{"start":{"line":85,"column":0},"end":{"line":85,"column":30}}},"13":{"name":"(anonymous_13)","line":88,"loc":{"start":{"line":88,"column":52},"end":{"line":88,"column":68}}},"14":{"name":"(anonymous_14)","line":93,"loc":{"start":{"line":93,"column":14},"end":{"line":93,"column":29}}},"15":{"name":"destroy","line":103,"loc":{"start":{"line":103,"column":0},"end":{"line":103,"column":27}}},"16":{"name":"(anonymous_16)","line":104,"loc":{"start":{"line":104,"column":68},"end":{"line":104,"column":80}}},"17":{"name":"changePassword","line":113,"loc":{"start":{"line":113,"column":0},"end":{"line":113,"column":40}}},"18":{"name":"(anonymous_18)","line":118,"loc":{"start":{"line":118,"column":52},"end":{"line":118,"column":68}}},"19":{"name":"(anonymous_19)","line":121,"loc":{"start":{"line":121,"column":35},"end":{"line":121,"column":47}}},"20":{"name":"me","line":134,"loc":{"start":{"line":134,"column":0},"end":{"line":134,"column":28}}},"21":{"name":"(anonymous_21)","line":137,"loc":{"start":{"line":137,"column":79},"end":{"line":137,"column":95}}},"22":{"name":"(anonymous_22)","line":143,"loc":{"start":{"line":143,"column":14},"end":{"line":143,"column":29}}},"23":{"name":"authCallback","line":152,"loc":{"start":{"line":152,"column":0},"end":{"line":152,"column":38}}}},"statementMap":{"1":{"start":{"line":3,"column":0},"end":{"line":5,"column":3}},"2":{"start":{"line":6,"column":0},"end":{"line":6,"column":22}},"3":{"start":{"line":7,"column":0},"end":{"line":7,"column":24}},"4":{"start":{"line":8,"column":0},"end":{"line":8,"column":20}},"5":{"start":{"line":9,"column":0},"end":{"line":9,"column":26}},"6":{"start":{"line":10,"column":0},"end":{"line":10,"column":40}},"7":{"start":{"line":11,"column":0},"end":{"line":11,"column":16}},"8":{"start":{"line":12,"column":0},"end":{"line":12,"column":36}},"9":{"start":{"line":15,"column":0},"end":{"line":15,"column":97},"skip":true},"10":{"start":{"line":15,"column":39},"end":{"line":15,"column":95},"skip":true},"11":{"start":{"line":17,"column":0},"end":{"line":17,"column":41}},"12":{"start":{"line":19,"column":0},"end":{"line":19,"column":53}},"13":{"start":{"line":21,"column":0},"end":{"line":21,"column":36}},"14":{"start":{"line":23,"column":0},"end":{"line":23,"column":51}},"15":{"start":{"line":25,"column":0},"end":{"line":25,"column":61}},"16":{"start":{"line":27,"column":0},"end":{"line":27,"column":69}},"17":{"start":{"line":29,"column":0},"end":{"line":29,"column":44}},"18":{"start":{"line":31,"column":0},"end":{"line":31,"column":59}},"19":{"start":{"line":33,"column":0},"end":{"line":38,"column":1}},"20":{"start":{"line":34,"column":2},"end":{"line":34,"column":33}},"21":{"start":{"line":35,"column":2},"end":{"line":37,"column":4}},"22":{"start":{"line":36,"column":4},"end":{"line":36,"column":37}},"23":{"start":{"line":40,"column":0},"end":{"line":45,"column":1}},"24":{"start":{"line":41,"column":2},"end":{"line":41,"column":33}},"25":{"start":{"line":42,"column":2},"end":{"line":44,"column":4}},"26":{"start":{"line":43,"column":4},"end":{"line":43,"column":37}},"27":{"start":{"line":47,"column":0},"end":{"line":52,"column":1}},"28":{"start":{"line":48,"column":2},"end":{"line":48,"column":33}},"29":{"start":{"line":49,"column":2},"end":{"line":51,"column":4}},"30":{"start":{"line":50,"column":4},"end":{"line":50,"column":33}},"31":{"start":{"line":59,"column":0},"end":{"line":63,"column":1}},"32":{"start":{"line":60,"column":2},"end":{"line":62,"column":32}},"33":{"start":{"line":61,"column":4},"end":{"line":61,"column":32}},"34":{"start":{"line":69,"column":0},"end":{"line":79,"column":1}},"35":{"start":{"line":70,"column":2},"end":{"line":70,"column":53}},"36":{"start":{"line":71,"column":2},"end":{"line":71,"column":29}},"37":{"start":{"line":72,"column":2},"end":{"line":72,"column":24}},"38":{"start":{"line":73,"column":2},"end":{"line":78,"column":36}},"39":{"start":{"line":74,"column":4},"end":{"line":76,"column":7}},"40":{"start":{"line":77,"column":4},"end":{"line":77,"column":31}},"41":{"start":{"line":85,"column":0},"end":{"line":96,"column":1}},"42":{"start":{"line":86,"column":2},"end":{"line":86,"column":29}},"43":{"start":{"line":88,"column":2},"end":{"line":95,"column":5}},"44":{"start":{"line":89,"column":4},"end":{"line":91,"column":5}},"45":{"start":{"line":90,"column":6},"end":{"line":90,"column":35}},"46":{"start":{"line":92,"column":4},"end":{"line":92,"column":27}},"47":{"start":{"line":94,"column":4},"end":{"line":94,"column":21}},"48":{"start":{"line":103,"column":0},"end":{"line":107,"column":1}},"49":{"start":{"line":104,"column":2},"end":{"line":106,"column":32}},"50":{"start":{"line":105,"column":4},"end":{"line":105,"column":26}},"51":{"start":{"line":113,"column":0},"end":{"line":128,"column":1}},"52":{"start":{"line":114,"column":2},"end":{"line":114,"column":28}},"53":{"start":{"line":115,"column":2},"end":{"line":115,"column":45}},"54":{"start":{"line":116,"column":2},"end":{"line":116,"column":45}},"55":{"start":{"line":118,"column":2},"end":{"line":127,"column":5}},"56":{"start":{"line":119,"column":4},"end":{"line":126,"column":5}},"57":{"start":{"line":120,"column":6},"end":{"line":120,"column":30}},"58":{"start":{"line":121,"column":6},"end":{"line":123,"column":40}},"59":{"start":{"line":122,"column":8},"end":{"line":122,"column":30}},"60":{"start":{"line":125,"column":6},"end":{"line":125,"column":35}},"61":{"start":{"line":134,"column":0},"end":{"line":146,"column":1}},"62":{"start":{"line":135,"column":2},"end":{"line":135,"column":28}},"63":{"start":{"line":137,"column":2},"end":{"line":145,"column":5}},"64":{"start":{"line":139,"column":4},"end":{"line":141,"column":5}},"65":{"start":{"line":140,"column":6},"end":{"line":140,"column":35}},"66":{"start":{"line":142,"column":4},"end":{"line":142,"column":19}},"67":{"start":{"line":144,"column":4},"end":{"line":144,"column":21}},"68":{"start":{"line":152,"column":0},"end":{"line":154,"column":1}},"69":{"start":{"line":153,"column":2},"end":{"line":153,"column":20}}},"branchMap":{"1":{"line":15,"type":"cond-expr","locations":[{"start":{"line":15,"column":70},"end":{"line":15,"column":73},"skip":true},{"start":{"line":15,"column":76},"end":{"line":15,"column":94},"skip":true}]},"2":{"line":15,"type":"binary-expr","locations":[{"start":{"line":15,"column":46},"end":{"line":15,"column":49},"skip":true},{"start":{"line":15,"column":53},"end":{"line":15,"column":67},"skip":true}]},"3":{"line":34,"type":"binary-expr","locations":[{"start":{"line":34,"column":15},"end":{"line":34,"column":25}},{"start":{"line":34,"column":29},"end":{"line":34,"column":32}}]},"4":{"line":41,"type":"binary-expr","locations":[{"start":{"line":41,"column":15},"end":{"line":41,"column":25}},{"start":{"line":41,"column":29},"end":{"line":41,"column":32}}]},"5":{"line":48,"type":"binary-expr","locations":[{"start":{"line":48,"column":15},"end":{"line":48,"column":25}},{"start":{"line":48,"column":29},"end":{"line":48,"column":32}}]},"6":{"line":89,"type":"if","locations":[{"start":{"line":89,"column":4},"end":{"line":89,"column":4}},{"start":{"line":89,"column":4},"end":{"line":89,"column":4}}]},"7":{"line":119,"type":"if","locations":[{"start":{"line":119,"column":4},"end":{"line":119,"column":4}},{"start":{"line":119,"column":4},"end":{"line":119,"column":4}}]},"8":{"line":139,"type":"if","locations":[{"start":{"line":139,"column":4},"end":{"line":139,"column":4}},{"start":{"line":139,"column":4},"end":{"line":139,"column":4}}]}}},"C:\\git\\automa\\server\\api\\user\\user.model.js":{"path":"C:\\git\\automa\\server\\api\\user\\user.model.js","s":{"1":1,"2":1,"3":1,"4":1,"5":1,"6":1,"7":1,"8":1,"9":1,"10":0,"11":1,"12":0,"13":1,"14":1,"15":1,"16":1,"17":1,"18":1,"19":1,"20":1,"21":0,"22":0,"23":0,"24":1,"25":0,"26":1,"27":1,"28":1,"29":1,"30":1,"31":0,"32":1,"33":0,"34":1,"35":1,"36":0,"37":1,"38":1,"39":1,"40":0,"41":1,"42":1,"43":1,"44":1,"45":1,"46":0,"47":1,"48":1,"49":0,"50":1,"51":1,"52":0,"53":1,"54":1,"55":1,"56":1,"57":0,"58":0,"59":1,"60":0,"61":1,"62":0,"63":1,"64":1,"65":0,"66":1,"67":2,"68":0,"69":2,"70":2,"71":2,"72":2,"73":0,"74":2,"75":2,"76":0,"77":2,"78":1,"79":1},"b":{"1":[0,1],"2":[1,1],"3":[0,1],"4":[0,0],"5":[1,1],"6":[0,1],"7":[0,1],"8":[0,1],"9":[0,1],"10":[0,1],"11":[0,1],"12":[1,0],"13":[1,0],"14":[0,0],"15":[0,1],"16":[0,1],"17":[0,1],"18":[0,2],"19":[2,2],"20":[0,2],"21":[0,2]},"f":{"1":1,"2":0,"3":0,"4":1,"5":1,"6":1,"7":1,"8":0,"9":1,"10":1,"11":1,"12":1,"13":1,"14":1,"15":1,"16":1,"17":2,"18":2},"fnMap":{"1":{"name":"_interopRequireDefault","line":8,"loc":{"start":{"line":8,"column":0},"end":{"line":8,"column":37}},"skip":true},"2":{"name":"(anonymous_2)","line":38,"loc":{"start":{"line":38,"column":34},"end":{"line":38,"column":46}}},"3":{"name":"(anonymous_3)","line":46,"loc":{"start":{"line":46,"column":32},"end":{"line":46,"column":44}}},"4":{"name":"(anonymous_4)","line":58,"loc":{"start":{"line":58,"column":34},"end":{"line":58,"column":51}}},"5":{"name":"(anonymous_5)","line":63,"loc":{"start":{"line":63,"column":37},"end":{"line":63,"column":57}}},"6":{"name":"(anonymous_6)","line":68,"loc":{"start":{"line":68,"column":34},"end":{"line":68,"column":60}}},"7":{"name":"(anonymous_7)","line":70,"loc":{"start":{"line":70,"column":62},"end":{"line":70,"column":78}}},"8":{"name":"(anonymous_8)","line":78,"loc":{"start":{"line":78,"column":14},"end":{"line":78,"column":29}}},"9":{"name":"validatePresenceOf","line":83,"loc":{"start":{"line":83,"column":25},"end":{"line":83,"column":60}}},"10":{"name":"(anonymous_10)","line":90,"loc":{"start":{"line":90,"column":23},"end":{"line":90,"column":39}}},"11":{"name":"(anonymous_11)","line":105,"loc":{"start":{"line":105,"column":16},"end":{"line":105,"column":41}}},"12":{"name":"(anonymous_12)","line":110,"loc":{"start":{"line":110,"column":42},"end":{"line":110,"column":80}}},"13":{"name":"authenticate","line":132,"loc":{"start":{"line":132,"column":16},"end":{"line":132,"column":58}}},"14":{"name":"(anonymous_14)","line":141,"loc":{"start":{"line":141,"column":35},"end":{"line":141,"column":58}}},"15":{"name":"makeSalt","line":162,"loc":{"start":{"line":162,"column":12},"end":{"line":162,"column":50}}},"16":{"name":"(anonymous_16)","line":180,"loc":{"start":{"line":180,"column":53},"end":{"line":180,"column":74}}},"17":{"name":"encryptPassword","line":197,"loc":{"start":{"line":197,"column":19},"end":{"line":197,"column":64}}},"18":{"name":"(anonymous_18)","line":210,"loc":{"start":{"line":210,"column":91},"end":{"line":210,"column":111}}}},"statementMap":{"1":{"start":{"line":3,"column":0},"end":{"line":5,"column":3}},"2":{"start":{"line":8,"column":0},"end":{"line":8,"column":97},"skip":true},"3":{"start":{"line":8,"column":39},"end":{"line":8,"column":95},"skip":true},"4":{"start":{"line":10,"column":0},"end":{"line":10,"column":32}},"5":{"start":{"line":12,"column":0},"end":{"line":12,"column":47}},"6":{"start":{"line":14,"column":0},"end":{"line":14,"column":36}},"7":{"start":{"line":16,"column":0},"end":{"line":16,"column":69}},"8":{"start":{"line":18,"column":0},"end":{"line":31,"column":3}},"9":{"start":{"line":38,"column":0},"end":{"line":43,"column":3}},"10":{"start":{"line":39,"column":2},"end":{"line":42,"column":4}},"11":{"start":{"line":46,"column":0},"end":{"line":51,"column":3}},"12":{"start":{"line":47,"column":2},"end":{"line":50,"column":4}},"13":{"start":{"line":58,"column":0},"end":{"line":60,"column":28}},"14":{"start":{"line":59,"column":2},"end":{"line":59,"column":22}},"15":{"start":{"line":63,"column":0},"end":{"line":65,"column":31}},"16":{"start":{"line":64,"column":2},"end":{"line":64,"column":25}},"17":{"start":{"line":68,"column":0},"end":{"line":81,"column":53}},"18":{"start":{"line":69,"column":2},"end":{"line":69,"column":18}},"19":{"start":{"line":70,"column":2},"end":{"line":80,"column":5}},"20":{"start":{"line":71,"column":4},"end":{"line":76,"column":5}},"21":{"start":{"line":72,"column":6},"end":{"line":74,"column":7}},"22":{"start":{"line":73,"column":8},"end":{"line":73,"column":29}},"23":{"start":{"line":75,"column":6},"end":{"line":75,"column":28}},"24":{"start":{"line":77,"column":4},"end":{"line":77,"column":25}},"25":{"start":{"line":79,"column":4},"end":{"line":79,"column":14}},"26":{"start":{"line":83,"column":0},"end":{"line":85,"column":2}},"27":{"start":{"line":84,"column":2},"end":{"line":84,"column":31}},"28":{"start":{"line":90,"column":0},"end":{"line":118,"column":3}},"29":{"start":{"line":93,"column":2},"end":{"line":93,"column":19},"skip":true},"30":{"start":{"line":96,"column":2},"end":{"line":98,"column":3}},"31":{"start":{"line":97,"column":4},"end":{"line":97,"column":18}},"32":{"start":{"line":100,"column":2},"end":{"line":102,"column":3}},"33":{"start":{"line":101,"column":4},"end":{"line":101,"column":40}},"34":{"start":{"line":105,"column":2},"end":{"line":117,"column":5}},"35":{"start":{"line":106,"column":4},"end":{"line":108,"column":5}},"36":{"start":{"line":107,"column":6},"end":{"line":107,"column":20}},"37":{"start":{"line":109,"column":4},"end":{"line":109,"column":22}},"38":{"start":{"line":110,"column":4},"end":{"line":116,"column":7}},"39":{"start":{"line":111,"column":6},"end":{"line":113,"column":7}},"40":{"start":{"line":112,"column":8},"end":{"line":112,"column":25}},"41":{"start":{"line":114,"column":6},"end":{"line":114,"column":38}},"42":{"start":{"line":115,"column":6},"end":{"line":115,"column":13}},"43":{"start":{"line":123,"column":0},"end":{"line":218,"column":2}},"44":{"start":{"line":135,"column":4},"end":{"line":135,"column":22},"skip":true},"45":{"start":{"line":137,"column":4},"end":{"line":139,"column":5}},"46":{"start":{"line":138,"column":6},"end":{"line":138,"column":62}},"47":{"start":{"line":141,"column":4},"end":{"line":151,"column":7}},"48":{"start":{"line":142,"column":6},"end":{"line":144,"column":7}},"49":{"start":{"line":143,"column":8},"end":{"line":143,"column":29}},"50":{"start":{"line":146,"column":6},"end":{"line":150,"column":7}},"51":{"start":{"line":147,"column":8},"end":{"line":147,"column":29}},"52":{"start":{"line":149,"column":8},"end":{"line":149,"column":30}},"53":{"start":{"line":163,"column":4},"end":{"line":163,"column":29}},"54":{"start":{"line":165,"column":4},"end":{"line":170,"column":5}},"55":{"start":{"line":166,"column":6},"end":{"line":166,"column":30}},"56":{"start":{"line":167,"column":6},"end":{"line":167,"column":33}},"57":{"start":{"line":168,"column":11},"end":{"line":170,"column":5}},"58":{"start":{"line":169,"column":6},"end":{"line":169,"column":30}},"59":{"start":{"line":172,"column":4},"end":{"line":174,"column":5}},"60":{"start":{"line":173,"column":6},"end":{"line":173,"column":33}},"61":{"start":{"line":176,"column":4},"end":{"line":178,"column":5}},"62":{"start":{"line":177,"column":6},"end":{"line":177,"column":74}},"63":{"start":{"line":180,"column":4},"end":{"line":186,"column":7}},"64":{"start":{"line":181,"column":6},"end":{"line":185,"column":7}},"65":{"start":{"line":182,"column":8},"end":{"line":182,"column":22}},"66":{"start":{"line":184,"column":8},"end":{"line":184,"column":48}},"67":{"start":{"line":198,"column":4},"end":{"line":200,"column":5}},"68":{"start":{"line":199,"column":6},"end":{"line":199,"column":18}},"69":{"start":{"line":202,"column":4},"end":{"line":202,"column":34}},"70":{"start":{"line":203,"column":4},"end":{"line":203,"column":30}},"71":{"start":{"line":204,"column":4},"end":{"line":204,"column":47}},"72":{"start":{"line":206,"column":4},"end":{"line":208,"column":5}},"73":{"start":{"line":207,"column":6},"end":{"line":207,"column":116}},"74":{"start":{"line":210,"column":4},"end":{"line":216,"column":7}},"75":{"start":{"line":211,"column":6},"end":{"line":215,"column":7}},"76":{"start":{"line":212,"column":8},"end":{"line":212,"column":22}},"77":{"start":{"line":214,"column":8},"end":{"line":214,"column":47}},"78":{"start":{"line":220,"column":0},"end":{"line":220,"column":56}},"79":{"start":{"line":221,"column":0},"end":{"line":221,"column":36}}},"branchMap":{"1":{"line":8,"type":"cond-expr","locations":[{"start":{"line":8,"column":70},"end":{"line":8,"column":73},"skip":true},{"start":{"line":8,"column":76},"end":{"line":8,"column":94},"skip":true}]},"2":{"line":8,"type":"binary-expr","locations":[{"start":{"line":8,"column":46},"end":{"line":8,"column":49},"skip":true},{"start":{"line":8,"column":53},"end":{"line":8,"column":67},"skip":true}]},"3":{"line":71,"type":"if","locations":[{"start":{"line":71,"column":4},"end":{"line":71,"column":4}},{"start":{"line":71,"column":4},"end":{"line":71,"column":4}}]},"4":{"line":72,"type":"if","locations":[{"start":{"line":72,"column":6},"end":{"line":72,"column":6}},{"start":{"line":72,"column":6},"end":{"line":72,"column":6}}]},"5":{"line":84,"type":"binary-expr","locations":[{"start":{"line":84,"column":9},"end":{"line":84,"column":14}},{"start":{"line":84,"column":18},"end":{"line":84,"column":30}}]},"6":{"line":96,"type":"if","locations":[{"start":{"line":96,"column":2},"end":{"line":96,"column":2}},{"start":{"line":96,"column":2},"end":{"line":96,"column":2}}]},"7":{"line":100,"type":"if","locations":[{"start":{"line":100,"column":2},"end":{"line":100,"column":2}},{"start":{"line":100,"column":2},"end":{"line":100,"column":2}}]},"8":{"line":106,"type":"if","locations":[{"start":{"line":106,"column":4},"end":{"line":106,"column":4}},{"start":{"line":106,"column":4},"end":{"line":106,"column":4}}]},"9":{"line":111,"type":"if","locations":[{"start":{"line":111,"column":6},"end":{"line":111,"column":6}},{"start":{"line":111,"column":6},"end":{"line":111,"column":6}}]},"10":{"line":137,"type":"if","locations":[{"start":{"line":137,"column":4},"end":{"line":137,"column":4}},{"start":{"line":137,"column":4},"end":{"line":137,"column":4}}]},"11":{"line":142,"type":"if","locations":[{"start":{"line":142,"column":6},"end":{"line":142,"column":6}},{"start":{"line":142,"column":6},"end":{"line":142,"column":6}}]},"12":{"line":146,"type":"if","locations":[{"start":{"line":146,"column":6},"end":{"line":146,"column":6}},{"start":{"line":146,"column":6},"end":{"line":146,"column":6}}]},"13":{"line":165,"type":"if","locations":[{"start":{"line":165,"column":4},"end":{"line":165,"column":4}},{"start":{"line":165,"column":4},"end":{"line":165,"column":4}}]},"14":{"line":168,"type":"if","locations":[{"start":{"line":168,"column":11},"end":{"line":168,"column":11}},{"start":{"line":168,"column":11},"end":{"line":168,"column":11}}]},"15":{"line":172,"type":"if","locations":[{"start":{"line":172,"column":4},"end":{"line":172,"column":4}},{"start":{"line":172,"column":4},"end":{"line":172,"column":4}}]},"16":{"line":176,"type":"if","locations":[{"start":{"line":176,"column":4},"end":{"line":176,"column":4}},{"start":{"line":176,"column":4},"end":{"line":176,"column":4}}]},"17":{"line":181,"type":"if","locations":[{"start":{"line":181,"column":6},"end":{"line":181,"column":6}},{"start":{"line":181,"column":6},"end":{"line":181,"column":6}}]},"18":{"line":198,"type":"if","locations":[{"start":{"line":198,"column":4},"end":{"line":198,"column":4}},{"start":{"line":198,"column":4},"end":{"line":198,"column":4}}]},"19":{"line":198,"type":"binary-expr","locations":[{"start":{"line":198,"column":8},"end":{"line":198,"column":17}},{"start":{"line":198,"column":21},"end":{"line":198,"column":31}}]},"20":{"line":206,"type":"if","locations":[{"start":{"line":206,"column":4},"end":{"line":206,"column":4}},{"start":{"line":206,"column":4},"end":{"line":206,"column":4}}]},"21":{"line":211,"type":"if","locations":[{"start":{"line":211,"column":6},"end":{"line":211,"column":6}},{"start":{"line":211,"column":6},"end":{"line":211,"column":6}}]}}},"C:\\git\\automa\\server\\auth\\auth.service.js":{"path":"C:\\git\\automa\\server\\auth\\auth.service.js","s":{"1":1,"2":1,"3":1,"4":1,"5":1,"6":1,"7":6,"8":1,"9":1,"10":1,"11":1,"12":1,"13":1,"14":1,"15":1,"16":1,"17":1,"18":1,"19":1,"20":1,"21":1,"22":5,"23":2,"24":0,"25":2,"26":1,"27":1,"28":0,"29":1,"30":1,"31":0,"32":1,"33":2,"34":0,"35":2,"36":0,"37":0,"38":0,"39":1,"40":1,"41":1,"42":0,"43":0,"44":0,"45":0,"46":0},"b":{"1":[0,6],"2":[6,6],"3":[0,2],"4":[2,2],"5":[0,1],"6":[0,2],"7":[0,0],"8":[0,0]},"f":{"1":6,"2":5,"3":2,"4":1,"5":1,"6":0,"7":2,"8":0,"9":1,"10":0},"fnMap":{"1":{"name":"_interopRequireDefault","line":12,"loc":{"start":{"line":12,"column":0},"end":{"line":12,"column":37}},"skip":true},"2":{"name":"isAuthenticated","line":47,"loc":{"start":{"line":47,"column":0},"end":{"line":47,"column":27}}},"3":{"name":"(anonymous_3)","line":50,"loc":{"start":{"line":50,"column":7},"end":{"line":50,"column":33}}},"4":{"name":"(anonymous_4)","line":58,"loc":{"start":{"line":58,"column":7},"end":{"line":58,"column":33}}},"5":{"name":"(anonymous_5)","line":59,"loc":{"start":{"line":59,"column":67},"end":{"line":59,"column":83}}},"6":{"name":"(anonymous_6)","line":65,"loc":{"start":{"line":65,"column":16},"end":{"line":65,"column":31}}},"7":{"name":"hasRole","line":75,"loc":{"start":{"line":75,"column":0},"end":{"line":75,"column":31}}},"8":{"name":"meetsRequirements","line":80,"loc":{"start":{"line":80,"column":77},"end":{"line":80,"column":120}}},"9":{"name":"signToken","line":93,"loc":{"start":{"line":93,"column":0},"end":{"line":93,"column":29}}},"10":{"name":"setTokenCookie","line":103,"loc":{"start":{"line":103,"column":0},"end":{"line":103,"column":34}}}},"statementMap":{"1":{"start":{"line":3,"column":0},"end":{"line":5,"column":3}},"2":{"start":{"line":6,"column":0},"end":{"line":6,"column":42}},"3":{"start":{"line":7,"column":0},"end":{"line":7,"column":26}},"4":{"start":{"line":8,"column":0},"end":{"line":8,"column":30}},"5":{"start":{"line":9,"column":0},"end":{"line":9,"column":40}},"6":{"start":{"line":12,"column":0},"end":{"line":12,"column":97},"skip":true},"7":{"start":{"line":12,"column":39},"end":{"line":12,"column":95},"skip":true},"8":{"start":{"line":14,"column":0},"end":{"line":14,"column":36}},"9":{"start":{"line":16,"column":0},"end":{"line":16,"column":51}},"10":{"start":{"line":18,"column":0},"end":{"line":18,"column":58}},"11":{"start":{"line":20,"column":0},"end":{"line":20,"column":69}},"12":{"start":{"line":22,"column":0},"end":{"line":22,"column":44}},"13":{"start":{"line":24,"column":0},"end":{"line":24,"column":59}},"14":{"start":{"line":26,"column":0},"end":{"line":26,"column":41}},"15":{"start":{"line":28,"column":0},"end":{"line":28,"column":55}},"16":{"start":{"line":30,"column":0},"end":{"line":30,"column":61}},"17":{"start":{"line":32,"column":0},"end":{"line":32,"column":75}},"18":{"start":{"line":34,"column":0},"end":{"line":34,"column":58}},"19":{"start":{"line":36,"column":0},"end":{"line":36,"column":67}},"20":{"start":{"line":38,"column":0},"end":{"line":40,"column":3}},"21":{"start":{"line":47,"column":0},"end":{"line":69,"column":1}},"22":{"start":{"line":48,"column":2},"end":{"line":68,"column":5}},"23":{"start":{"line":52,"column":4},"end":{"line":54,"column":5}},"24":{"start":{"line":53,"column":6},"end":{"line":53,"column":69}},"25":{"start":{"line":55,"column":4},"end":{"line":55,"column":32}},"26":{"start":{"line":59,"column":4},"end":{"line":67,"column":7}},"27":{"start":{"line":60,"column":6},"end":{"line":62,"column":7}},"28":{"start":{"line":61,"column":8},"end":{"line":61,"column":37}},"29":{"start":{"line":63,"column":6},"end":{"line":63,"column":22}},"30":{"start":{"line":64,"column":6},"end":{"line":64,"column":13}},"31":{"start":{"line":66,"column":6},"end":{"line":66,"column":23}},"32":{"start":{"line":75,"column":0},"end":{"line":87,"column":1}},"33":{"start":{"line":76,"column":2},"end":{"line":78,"column":3}},"34":{"start":{"line":77,"column":4},"end":{"line":77,"column":53}},"35":{"start":{"line":80,"column":2},"end":{"line":86,"column":5}},"36":{"start":{"line":81,"column":4},"end":{"line":85,"column":5}},"37":{"start":{"line":82,"column":6},"end":{"line":82,"column":13}},"38":{"start":{"line":84,"column":6},"end":{"line":84,"column":40}},"39":{"start":{"line":93,"column":0},"end":{"line":97,"column":1}},"40":{"start":{"line":94,"column":2},"end":{"line":96,"column":5}},"41":{"start":{"line":103,"column":0},"end":{"line":110,"column":1}},"42":{"start":{"line":104,"column":2},"end":{"line":106,"column":3}},"43":{"start":{"line":105,"column":4},"end":{"line":105,"column":90}},"44":{"start":{"line":107,"column":2},"end":{"line":107,"column":53}},"45":{"start":{"line":108,"column":2},"end":{"line":108,"column":29}},"46":{"start":{"line":109,"column":2},"end":{"line":109,"column":20}}},"branchMap":{"1":{"line":12,"type":"cond-expr","locations":[{"start":{"line":12,"column":70},"end":{"line":12,"column":73},"skip":true},{"start":{"line":12,"column":76},"end":{"line":12,"column":94},"skip":true}]},"2":{"line":12,"type":"binary-expr","locations":[{"start":{"line":12,"column":46},"end":{"line":12,"column":49},"skip":true},{"start":{"line":12,"column":53},"end":{"line":12,"column":67},"skip":true}]},"3":{"line":52,"type":"if","locations":[{"start":{"line":52,"column":4},"end":{"line":52,"column":4}},{"start":{"line":52,"column":4},"end":{"line":52,"column":4}}]},"4":{"line":52,"type":"binary-expr","locations":[{"start":{"line":52,"column":8},"end":{"line":52,"column":17}},{"start":{"line":52,"column":21},"end":{"line":52,"column":61}}]},"5":{"line":60,"type":"if","locations":[{"start":{"line":60,"column":6},"end":{"line":60,"column":6}},{"start":{"line":60,"column":6},"end":{"line":60,"column":6}}]},"6":{"line":76,"type":"if","locations":[{"start":{"line":76,"column":2},"end":{"line":76,"column":2}},{"start":{"line":76,"column":2},"end":{"line":76,"column":2}}]},"7":{"line":81,"type":"if","locations":[{"start":{"line":81,"column":4},"end":{"line":81,"column":4}},{"start":{"line":81,"column":4},"end":{"line":81,"column":4}}]},"8":{"line":104,"type":"if","locations":[{"start":{"line":104,"column":2},"end":{"line":104,"column":2}},{"start":{"line":104,"column":2},"end":{"line":104,"column":2}}]}}},"C:\\git\\automa\\server\\auth\\index.js":{"path":"C:\\git\\automa\\server\\auth\\index.js","s":{"1":1,"2":1,"3":4,"4":1,"5":1,"6":1,"7":1,"8":1,"9":1,"10":1,"11":1,"12":1,"13":1,"14":1,"15":1,"16":1},"b":{"1":[0,4],"2":[4,4]},"f":{"1":4},"fnMap":{"1":{"name":"_interopRequireDefault","line":8,"loc":{"start":{"line":8,"column":0},"end":{"line":8,"column":37}},"skip":true}},"statementMap":{"1":{"start":{"line":3,"column":0},"end":{"line":5,"column":3}},"2":{"start":{"line":8,"column":0},"end":{"line":8,"column":97},"skip":true},"3":{"start":{"line":8,"column":39},"end":{"line":8,"column":95},"skip":true},"4":{"start":{"line":10,"column":0},"end":{"line":10,"column":34}},"5":{"start":{"line":12,"column":0},"end":{"line":12,"column":49}},"6":{"start":{"line":14,"column":0},"end":{"line":14,"column":36}},"7":{"start":{"line":16,"column":0},"end":{"line":16,"column":51}},"8":{"start":{"line":18,"column":0},"end":{"line":18,"column":58}},"9":{"start":{"line":20,"column":0},"end":{"line":20,"column":69}},"10":{"start":{"line":22,"column":0},"end":{"line":22,"column":58}},"11":{"start":{"line":24,"column":0},"end":{"line":24,"column":67}},"12":{"start":{"line":27,"column":0},"end":{"line":27,"column":97}},"13":{"start":{"line":29,"column":0},"end":{"line":29,"column":43}},"14":{"start":{"line":31,"column":0},"end":{"line":31,"column":41}},"15":{"start":{"line":33,"column":0},"end":{"line":33,"column":28}},"16":{"start":{"line":34,"column":0},"end":{"line":34,"column":36}}},"branchMap":{"1":{"line":8,"type":"cond-expr","locations":[{"start":{"line":8,"column":70},"end":{"line":8,"column":73},"skip":true},{"start":{"line":8,"column":76},"end":{"line":8,"column":94},"skip":true}]},"2":{"line":8,"type":"binary-expr","locations":[{"start":{"line":8,"column":46},"end":{"line":8,"column":49},"skip":true},{"start":{"line":8,"column":53},"end":{"line":8,"column":67},"skip":true}]}}},"C:\\git\\automa\\server\\auth\\local\\passport.js":{"path":"C:\\git\\automa\\server\\auth\\local\\passport.js","s":{"1":1,"2":1,"3":1,"4":1,"5":1,"6":1,"7":1,"8":1,"9":1,"10":1,"11":0,"12":1,"13":1,"14":0,"15":1,"16":0,"17":1,"18":0,"19":1,"20":1,"21":1},"b":{"1":[0,1],"2":[1,1],"3":[0,1],"4":[0,1],"5":[0,1]},"f":{"1":1,"2":1,"3":1,"4":1,"5":0,"6":1,"7":1},"fnMap":{"1":{"name":"_interopRequireDefault","line":9,"loc":{"start":{"line":9,"column":0},"end":{"line":9,"column":37}},"skip":true},"2":{"name":"localAuthenticate","line":17,"loc":{"start":{"line":17,"column":0},"end":{"line":17,"column":56}}},"3":{"name":"(anonymous_3)","line":20,"loc":{"start":{"line":20,"column":10},"end":{"line":20,"column":26}}},"4":{"name":"(anonymous_4)","line":26,"loc":{"start":{"line":26,"column":32},"end":{"line":26,"column":68}}},"5":{"name":"(anonymous_5)","line":36,"loc":{"start":{"line":36,"column":14},"end":{"line":36,"column":29}}},"6":{"name":"setup","line":41,"loc":{"start":{"line":41,"column":0},"end":{"line":41,"column":29}}},"7":{"name":"(anonymous_7)","line":45,"loc":{"start":{"line":45,"column":5},"end":{"line":45,"column":38}}}},"statementMap":{"1":{"start":{"line":3,"column":0},"end":{"line":5,"column":3}},"2":{"start":{"line":6,"column":0},"end":{"line":6,"column":22}},"3":{"start":{"line":9,"column":0},"end":{"line":9,"column":97},"skip":true},"4":{"start":{"line":9,"column":39},"end":{"line":9,"column":95},"skip":true},"5":{"start":{"line":11,"column":0},"end":{"line":11,"column":36}},"6":{"start":{"line":13,"column":0},"end":{"line":13,"column":51}},"7":{"start":{"line":15,"column":0},"end":{"line":15,"column":47}},"8":{"start":{"line":17,"column":0},"end":{"line":39,"column":1}},"9":{"start":{"line":18,"column":2},"end":{"line":38,"column":5}},"10":{"start":{"line":21,"column":4},"end":{"line":25,"column":5}},"11":{"start":{"line":22,"column":6},"end":{"line":24,"column":9}},"12":{"start":{"line":26,"column":4},"end":{"line":35,"column":7}},"13":{"start":{"line":27,"column":6},"end":{"line":29,"column":7}},"14":{"start":{"line":28,"column":8},"end":{"line":28,"column":31}},"15":{"start":{"line":30,"column":6},"end":{"line":34,"column":7}},"16":{"start":{"line":31,"column":8},"end":{"line":31,"column":79}},"17":{"start":{"line":33,"column":8},"end":{"line":33,"column":32}},"18":{"start":{"line":37,"column":4},"end":{"line":37,"column":21}},"19":{"start":{"line":41,"column":0},"end":{"line":48,"column":1}},"20":{"start":{"line":42,"column":2},"end":{"line":47,"column":6}},"21":{"start":{"line":46,"column":4},"end":{"line":46,"column":58}}},"branchMap":{"1":{"line":9,"type":"cond-expr","locations":[{"start":{"line":9,"column":70},"end":{"line":9,"column":73},"skip":true},{"start":{"line":9,"column":76},"end":{"line":9,"column":94},"skip":true}]},"2":{"line":9,"type":"binary-expr","locations":[{"start":{"line":9,"column":46},"end":{"line":9,"column":49},"skip":true},{"start":{"line":9,"column":53},"end":{"line":9,"column":67},"skip":true}]},"3":{"line":21,"type":"if","locations":[{"start":{"line":21,"column":4},"end":{"line":21,"column":4}},{"start":{"line":21,"column":4},"end":{"line":21,"column":4}}]},"4":{"line":27,"type":"if","locations":[{"start":{"line":27,"column":6},"end":{"line":27,"column":6}},{"start":{"line":27,"column":6},"end":{"line":27,"column":6}}]},"5":{"line":30,"type":"if","locations":[{"start":{"line":30,"column":6},"end":{"line":30,"column":6}},{"start":{"line":30,"column":6},"end":{"line":30,"column":6}}]}}},"C:\\git\\automa\\server\\auth\\local\\index.js":{"path":"C:\\git\\automa\\server\\auth\\local\\index.js","s":{"1":1,"2":1,"3":2,"4":1,"5":1,"6":1,"7":1,"8":1,"9":1,"10":1,"11":1,"12":1,"13":1,"14":0,"15":1,"16":0,"17":1,"18":1,"19":1,"20":1},"b":{"1":[0,2],"2":[2,2],"3":[1,1],"4":[0,1],"5":[0,1]},"f":{"1":2,"2":1,"3":1},"fnMap":{"1":{"name":"_interopRequireDefault","line":8,"loc":{"start":{"line":8,"column":0},"end":{"line":8,"column":37}},"skip":true},"2":{"name":"(anonymous_2)","line":22,"loc":{"start":{"line":22,"column":17},"end":{"line":22,"column":43}}},"3":{"name":"(anonymous_3)","line":23,"loc":{"start":{"line":23,"column":46},"end":{"line":23,"column":73}}}},"statementMap":{"1":{"start":{"line":3,"column":0},"end":{"line":5,"column":3}},"2":{"start":{"line":8,"column":0},"end":{"line":8,"column":97},"skip":true},"3":{"start":{"line":8,"column":39},"end":{"line":8,"column":95},"skip":true},"4":{"start":{"line":10,"column":0},"end":{"line":10,"column":34}},"5":{"start":{"line":12,"column":0},"end":{"line":12,"column":49}},"6":{"start":{"line":14,"column":0},"end":{"line":14,"column":36}},"7":{"start":{"line":16,"column":0},"end":{"line":16,"column":51}},"8":{"start":{"line":18,"column":0},"end":{"line":18,"column":46}},"9":{"start":{"line":20,"column":0},"end":{"line":20,"column":43}},"10":{"start":{"line":22,"column":0},"end":{"line":35,"column":3}},"11":{"start":{"line":23,"column":2},"end":{"line":34,"column":21}},"12":{"start":{"line":24,"column":4},"end":{"line":24,"column":28}},"13":{"start":{"line":25,"column":4},"end":{"line":27,"column":5}},"14":{"start":{"line":26,"column":6},"end":{"line":26,"column":41}},"15":{"start":{"line":28,"column":4},"end":{"line":30,"column":5}},"16":{"start":{"line":29,"column":6},"end":{"line":29,"column":90}},"17":{"start":{"line":32,"column":4},"end":{"line":32,"column":65}},"18":{"start":{"line":33,"column":4},"end":{"line":33,"column":31}},"19":{"start":{"line":37,"column":0},"end":{"line":37,"column":28}},"20":{"start":{"line":38,"column":0},"end":{"line":38,"column":36}}},"branchMap":{"1":{"line":8,"type":"cond-expr","locations":[{"start":{"line":8,"column":70},"end":{"line":8,"column":73},"skip":true},{"start":{"line":8,"column":76},"end":{"line":8,"column":94},"skip":true}]},"2":{"line":8,"type":"binary-expr","locations":[{"start":{"line":8,"column":46},"end":{"line":8,"column":49},"skip":true},{"start":{"line":8,"column":53},"end":{"line":8,"column":67},"skip":true}]},"3":{"line":24,"type":"binary-expr","locations":[{"start":{"line":24,"column":16},"end":{"line":24,"column":19}},{"start":{"line":24,"column":23},"end":{"line":24,"column":27}}]},"4":{"line":25,"type":"if","locations":[{"start":{"line":25,"column":4},"end":{"line":25,"column":4}},{"start":{"line":25,"column":4},"end":{"line":25,"column":4}}]},"5":{"line":28,"type":"if","locations":[{"start":{"line":28,"column":4},"end":{"line":28,"column":4}},{"start":{"line":28,"column":4},"end":{"line":28,"column":4}}]}}}}