TN:
SF:C:\git\automa\mocha.conf.js
FNF:0
FNH:0
DA:4,1
DA:6,1
DA:9,1
DA:10,1
DA:11,1
DA:14,1
DA:17,1
DA:18,1
DA:19,1
LF:9
LH:9
BRF:0
BRH:0
end_of_record
TN:
SF:C:\git\automa\server\index.js
FNF:0
FNH:0
DA:4,1
DA:6,1
DA:8,1
DA:12,1
LF:4
LH:4
BRDA:4,1,0,1
BRDA:4,1,1,0
BRDA:6,2,0,1
BRDA:6,2,1,0
BRDA:6,3,0,1
BRDA:6,3,1,1
BRF:6
BRH:4
end_of_record
TN:
SF:C:\git\automa\server\app.js
FN:9,_interopRequireDefault
FN:31,(anonymous_2)
FN:53,startServer
FN:54,(anonymous_4)
FNF:4
FNH:3
FNDA:4,_interopRequireDefault
FNDA:0,(anonymous_2)
FNDA:1,startServer
FNDA:1,(anonymous_4)
DA:9,4
DA:11,1
DA:13,1
DA:15,1
DA:17,1
DA:19,1
DA:21,1
DA:23,1
DA:25,1
DA:29,1
DA:30,1
DA:31,1
DA:32,0
DA:33,0
DA:37,1
DA:38,0
DA:42,1
DA:43,1
DA:44,1
DA:48,1
DA:49,1
DA:50,1
DA:53,1
DA:54,1
DA:55,1
DA:59,1
DA:62,1
LF:27
LH:24
BRDA:9,1,0,0
BRDA:9,1,1,4
BRDA:9,2,0,4
BRDA:9,2,1,4
BRDA:37,3,0,0
BRDA:37,3,1,1
BRF:6
BRH:5
end_of_record
TN:
SF:C:\git\automa\server\config\environment\index.js
FN:6,requiredProcessEnv
FNF:1
FNH:0
FNDA:0,requiredProcessEnv
DA:3,1
DA:4,1
DA:6,1
DA:7,0
DA:8,0
DA:10,0
DA:15,1
DA:47,1
LF:8
LH:5
BRDA:7,1,0,0
BRDA:7,1,1,0
BRDA:22,2,0,1
BRDA:22,2,1,1
BRDA:25,3,0,1
BRDA:25,3,1,1
BRDA:47,4,0,1
BRDA:47,4,1,0
BRF:8
BRH:5
end_of_record
TN:
SF:C:\git\automa\server\config\environment\shared.js
FNF:0
FNH:0
DA:3,1
LF:1
LH:1
BRF:0
BRH:0
end_of_record
TN:
SF:C:\git\automa\server\config\environment\test.js
FNF:0
FNH:0
DA:5,1
LF:1
LH:1
BRF:0
BRH:0
end_of_record
TN:
SF:C:\git\automa\server\config\socketio.js
FN:11,_interopRequireDefault
FN:18,onDisconnect
FN:21,onConnect
FN:23,(anonymous_4)
FN:31,(anonymous_5)
FN:47,(anonymous_6)
FN:52,(anonymous_7)
FN:61,(anonymous_8)
FNF:8
FNH:2
FNDA:1,_interopRequireDefault
FNDA:0,onDisconnect
FNDA:0,onConnect
FNDA:0,(anonymous_4)
FNDA:1,(anonymous_5)
FNDA:0,(anonymous_6)
FNDA:0,(anonymous_7)
FNDA:0,(anonymous_8)
DA:6,1
DA:11,1
DA:13,1
DA:15,1
DA:18,1
DA:21,1
DA:23,0
DA:24,0
DA:28,0
DA:31,1
DA:47,1
DA:48,0
DA:50,0
DA:52,0
DA:53,0
DA:54,0
DA:57,0
DA:61,0
DA:62,0
DA:63,0
DA:67,0
DA:68,0
DA:72,1
LF:23
LH:9
BRDA:11,1,0,0
BRDA:11,1,1,1
BRDA:11,2,0,1
BRDA:11,2,1,1
BRF:4
BRH:4
end_of_record
TN:
SF:C:\git\automa\server\config\express.js
FN:12,_interopRequireDefault
FN:76,(anonymous_2)
FNF:2
FNH:2
FNDA:15,_interopRequireDefault
FNDA:1,(anonymous_2)
DA:7,1
DA:12,15
DA:14,1
DA:16,1
DA:18,1
DA:20,1
DA:22,1
DA:24,1
DA:26,1
DA:28,1
DA:30,1
DA:32,1
DA:34,1
DA:36,1
DA:38,1
DA:40,1
DA:42,1
DA:44,1
DA:46,1
DA:48,1
DA:50,1
DA:52,1
DA:54,1
DA:56,1
DA:58,1
DA:60,1
DA:62,1
DA:64,1
DA:66,1
DA:68,1
DA:70,1
DA:72,1
DA:74,1
DA:76,1
DA:77,1
DA:79,1
DA:80,1
DA:81,1
DA:82,1
DA:83,1
DA:84,1
DA:85,1
DA:86,1
DA:91,1
DA:105,1
DA:106,0
DA:120,1
DA:122,1
DA:123,0
DA:124,0
DA:125,0
DA:128,1
DA:129,0
DA:132,1
DA:133,1
DA:134,1
DA:135,1
DA:136,1
DA:140,1
LF:59
LH:54
BRDA:12,1,0,0
BRDA:12,1,1,15
BRDA:12,2,0,15
BRDA:12,2,1,15
BRDA:105,3,0,0
BRDA:105,3,1,1
BRDA:122,4,0,0
BRDA:122,4,1,1
BRDA:128,5,0,0
BRDA:128,5,1,1
BRDA:132,6,0,1
BRDA:132,6,1,0
BRDA:132,7,0,1
BRDA:132,7,1,1
BRF:14
BRH:10
end_of_record
TN:
SF:C:\git\automa\server\routes.js
FN:12,_interopRequireDefault
FN:22,(anonymous_2)
FN:33,(anonymous_3)
FNF:3
FNH:2
FNDA:2,_interopRequireDefault
FNDA:1,(anonymous_2)
FNDA:0,(anonymous_3)
DA:7,1
DA:12,2
DA:14,1
DA:16,1
DA:18,1
DA:20,1
DA:22,1
DA:24,1
DA:25,1
DA:27,1
DA:30,1
DA:33,1
DA:34,0
DA:38,1
LF:14
LH:13
BRDA:12,1,0,0
BRDA:12,1,1,2
BRDA:12,2,0,2
BRDA:12,2,1,2
BRF:4
BRH:4
end_of_record
TN:
SF:C:\git\automa\server\components\errors\index.js
FN:7,pageNotFound
FN:15,(anonymous_2)
FNF:2
FNH:0
FNDA:0,pageNotFound
FNDA:0,(anonymous_2)
DA:7,1
DA:8,0
DA:9,0
DA:10,0
DA:14,0
DA:15,0
DA:16,0
DA:17,0
DA:20,0
LF:9
LH:1
BRDA:16,1,0,0
BRDA:16,1,1,0
BRF:2
BRH:0
end_of_record
TN:
SF:C:\git\automa\server\api\thing\index.js
FNF:0
FNH:0
DA:3,1
DA:4,1
DA:6,1
DA:8,1
DA:9,1
DA:10,1
DA:11,1
DA:12,1
DA:13,1
DA:15,1
LF:10
LH:10
BRF:0
BRH:0
end_of_record
TN:
SF:C:\git\automa\server\api\thing\thing.controller.js
FN:22,_interopRequireDefault
FN:30,handleError
FN:32,(anonymous_3)
FN:37,responseWithResult
FN:39,(anonymous_5)
FN:46,handleEntityNotFound
FN:47,(anonymous_7)
FN:56,saveUpdates
FN:57,(anonymous_9)
FN:59,(anonymous_10)
FN:65,removeEntity
FN:66,(anonymous_12)
FN:68,(anonymous_13)
FN:77,index
FN:83,show
FN:89,create
FN:95,update
FN:104,destroy
FNF:18
FNH:17
FNDA:1,_interopRequireDefault
FNDA:6,handleError
FNDA:0,(anonymous_3)
FNDA:4,responseWithResult
FNDA:4,(anonymous_5)
FNDA:4,handleEntityNotFound
FNDA:4,(anonymous_7)
FNDA:1,saveUpdates
FNDA:1,(anonymous_9)
FNDA:1,(anonymous_10)
FNDA:2,removeEntity
FNDA:2,(anonymous_12)
FNDA:1,(anonymous_13)
FNDA:1,index
FNDA:1,show
FNDA:1,create
FNDA:1,update
FNDA:2,destroy
DA:12,1
DA:15,1
DA:16,1
DA:17,1
DA:18,1
DA:19,1
DA:22,1
DA:24,1
DA:26,1
DA:28,1
DA:30,1
DA:31,6
DA:32,6
DA:33,0
DA:37,1
DA:38,4
DA:39,4
DA:40,4
DA:41,4
DA:46,1
DA:47,4
DA:48,4
DA:49,1
DA:50,1
DA:52,3
DA:56,1
DA:57,1
DA:58,1
DA:59,1
DA:60,1
DA:65,1
DA:66,2
DA:67,2
DA:68,1
DA:69,1
DA:77,1
DA:78,1
DA:83,1
DA:84,1
DA:89,1
DA:90,1
DA:95,1
DA:96,1
DA:97,0
DA:99,1
DA:104,1
DA:105,2
LF:47
LH:45
BRDA:22,1,0,0
BRDA:22,1,1,1
BRDA:22,2,0,1
BRDA:22,2,1,1
BRDA:31,3,0,6
BRDA:31,3,1,6
BRDA:38,4,0,4
BRDA:38,4,1,3
BRDA:40,5,0,4
BRDA:40,5,1,0
BRDA:48,6,0,1
BRDA:48,6,1,3
BRDA:67,7,0,1
BRDA:67,7,1,1
BRDA:96,8,0,0
BRDA:96,8,1,1
BRF:16
BRH:14
end_of_record
TN:
SF:C:\git\automa\server\api\thing\thing.model.js
FNF:0
FNH:0
DA:3,1
DA:6,1
DA:8,1
DA:14,1
DA:15,1
LF:5
LH:5
BRF:0
BRH:0
end_of_record
TN:
SF:C:\git\automa\server\api\user\index.js
FN:8,_interopRequireWildcard
FNF:1
FNH:1
FNDA:2,_interopRequireWildcard
DA:3,1
DA:8,2
DA:10,1
DA:12,1
DA:14,1
DA:16,1
DA:18,1
DA:20,1
DA:22,1
DA:23,1
DA:24,1
DA:25,1
DA:26,1
DA:27,1
DA:29,1
DA:30,1
LF:16
LH:16
BRDA:8,1,0,2
BRDA:8,1,1,0
BRDA:8,2,0,2
BRDA:8,2,1,2
BRDA:8,3,0,0
BRDA:8,3,1,0
BRDA:8,4,0,0
BRDA:8,4,1,0
BRF:8
BRH:8
end_of_record
TN:
SF:C:\git\automa\server\api\user\user.controller.js
FN:15,_interopRequireDefault
FN:33,validationError
FN:35,(anonymous_3)
FN:40,handleError
FN:42,(anonymous_5)
FN:47,respondWith
FN:49,(anonymous_7)
FN:59,index
FN:60,(anonymous_9)
FN:69,create
FN:73,(anonymous_11)
FN:85,show
FN:88,(anonymous_13)
FN:93,(anonymous_14)
FN:103,destroy
FN:104,(anonymous_16)
FN:113,changePassword
FN:118,(anonymous_18)
FN:121,(anonymous_19)
FN:134,me
FN:137,(anonymous_21)
FN:143,(anonymous_22)
FN:152,authCallback
FNF:23
FNH:3
FNDA:4,_interopRequireDefault
FNDA:0,validationError
FNDA:0,(anonymous_3)
FNDA:0,handleError
FNDA:0,(anonymous_5)
FNDA:0,respondWith
FNDA:0,(anonymous_7)
FNDA:0,index
FNDA:0,(anonymous_9)
FNDA:0,create
FNDA:0,(anonymous_11)
FNDA:0,show
FNDA:0,(anonymous_13)
FNDA:0,(anonymous_14)
FNDA:0,destroy
FNDA:0,(anonymous_16)
FNDA:0,changePassword
FNDA:0,(anonymous_18)
FNDA:0,(anonymous_19)
FNDA:1,me
FNDA:1,(anonymous_21)
FNDA:0,(anonymous_22)
FNDA:0,authCallback
DA:3,1
DA:6,1
DA:7,1
DA:8,1
DA:9,1
DA:10,1
DA:11,1
DA:12,1
DA:15,4
DA:17,1
DA:19,1
DA:21,1
DA:23,1
DA:25,1
DA:27,1
DA:29,1
DA:31,1
DA:33,1
DA:34,0
DA:35,0
DA:36,0
DA:40,1
DA:41,0
DA:42,0
DA:43,0
DA:47,1
DA:48,0
DA:49,0
DA:50,0
DA:59,1
DA:60,0
DA:61,0
DA:69,1
DA:70,0
DA:71,0
DA:72,0
DA:73,0
DA:74,0
DA:77,0
DA:85,1
DA:86,0
DA:88,0
DA:89,0
DA:90,0
DA:92,0
DA:94,0
DA:103,1
DA:104,0
DA:105,0
DA:113,1
DA:114,0
DA:115,0
DA:116,0
DA:118,0
DA:119,0
DA:120,0
DA:121,0
DA:122,0
DA:125,0
DA:134,1
DA:135,1
DA:137,1
DA:139,1
DA:140,0
DA:142,1
DA:144,0
DA:152,1
DA:153,0
LF:68
LH:31
BRDA:15,1,0,0
BRDA:15,1,1,4
BRDA:15,2,0,4
BRDA:15,2,1,4
BRDA:34,3,0,0
BRDA:34,3,1,0
BRDA:41,4,0,0
BRDA:41,4,1,0
BRDA:48,5,0,0
BRDA:48,5,1,0
BRDA:89,6,0,0
BRDA:89,6,1,0
BRDA:119,7,0,0
BRDA:119,7,1,0
BRDA:139,8,0,0
BRDA:139,8,1,1
BRF:16
BRH:5
end_of_record
TN:
SF:C:\git\automa\server\api\user\user.model.js
FN:8,_interopRequireDefault
FN:38,(anonymous_2)
FN:46,(anonymous_3)
FN:58,(anonymous_4)
FN:63,(anonymous_5)
FN:68,(anonymous_6)
FN:70,(anonymous_7)
FN:78,(anonymous_8)
FN:83,validatePresenceOf
FN:90,(anonymous_10)
FN:105,(anonymous_11)
FN:110,(anonymous_12)
FN:132,authenticate
FN:141,(anonymous_14)
FN:162,makeSalt
FN:180,(anonymous_16)
FN:197,encryptPassword
FN:210,(anonymous_18)
FNF:18
FNH:15
FNDA:1,_interopRequireDefault
FNDA:0,(anonymous_2)
FNDA:0,(anonymous_3)
FNDA:1,(anonymous_4)
FNDA:1,(anonymous_5)
FNDA:1,(anonymous_6)
FNDA:1,(anonymous_7)
FNDA:0,(anonymous_8)
FNDA:1,validatePresenceOf
FNDA:1,(anonymous_10)
FNDA:1,(anonymous_11)
FNDA:1,(anonymous_12)
FNDA:1,authenticate
FNDA:1,(anonymous_14)
FNDA:1,makeSalt
FNDA:1,(anonymous_16)
FNDA:2,encryptPassword
FNDA:2,(anonymous_18)
DA:3,1
DA:8,1
DA:10,1
DA:12,1
DA:14,1
DA:16,1
DA:18,1
DA:38,1
DA:39,0
DA:46,1
DA:47,0
DA:58,1
DA:59,1
DA:63,1
DA:64,1
DA:68,1
DA:69,1
DA:70,1
DA:71,1
DA:72,0
DA:73,0
DA:75,0
DA:77,1
DA:79,0
DA:83,1
DA:84,1
DA:90,1
DA:93,1
DA:96,1
DA:97,0
DA:100,1
DA:101,0
DA:105,1
DA:106,1
DA:107,0
DA:109,1
DA:110,1
DA:111,1
DA:112,0
DA:114,1
DA:115,1
DA:123,1
DA:135,1
DA:137,1
DA:138,0
DA:141,1
DA:142,1
DA:143,0
DA:146,1
DA:147,1
DA:149,0
DA:163,1
DA:165,1
DA:166,1
DA:167,1
DA:168,0
DA:169,0
DA:172,1
DA:173,0
DA:176,1
DA:177,0
DA:180,1
DA:181,1
DA:182,0
DA:184,1
DA:198,2
DA:199,0
DA:202,2
DA:203,2
DA:204,2
DA:206,2
DA:207,0
DA:210,2
DA:211,2
DA:212,0
DA:214,2
DA:220,1
DA:221,1
LF:78
LH:57
BRDA:8,1,0,0
BRDA:8,1,1,1
BRDA:8,2,0,1
BRDA:8,2,1,1
BRDA:71,3,0,0
BRDA:71,3,1,1
BRDA:72,4,0,0
BRDA:72,4,1,0
BRDA:84,5,0,1
BRDA:84,5,1,1
BRDA:96,6,0,0
BRDA:96,6,1,1
BRDA:100,7,0,0
BRDA:100,7,1,1
BRDA:106,8,0,0
BRDA:106,8,1,1
BRDA:111,9,0,0
BRDA:111,9,1,1
BRDA:137,10,0,0
BRDA:137,10,1,1
BRDA:142,11,0,0
BRDA:142,11,1,1
BRDA:146,12,0,1
BRDA:146,12,1,0
BRDA:165,13,0,1
BRDA:165,13,1,0
BRDA:168,14,0,0
BRDA:168,14,1,0
BRDA:172,15,0,0
BRDA:172,15,1,1
BRDA:176,16,0,0
BRDA:176,16,1,1
BRDA:181,17,0,0
BRDA:181,17,1,1
BRDA:198,18,0,0
BRDA:198,18,1,2
BRDA:198,19,0,2
BRDA:198,19,1,2
BRDA:206,20,0,0
BRDA:206,20,1,2
BRDA:211,21,0,0
BRDA:211,21,1,2
BRF:42
BRH:23
end_of_record
TN:
SF:C:\git\automa\server\auth\auth.service.js
FN:12,_interopRequireDefault
FN:47,isAuthenticated
FN:50,(anonymous_3)
FN:58,(anonymous_4)
FN:59,(anonymous_5)
FN:65,(anonymous_6)
FN:75,hasRole
FN:80,meetsRequirements
FN:93,signToken
FN:103,setTokenCookie
FNF:10
FNH:7
FNDA:6,_interopRequireDefault
FNDA:5,isAuthenticated
FNDA:2,(anonymous_3)
FNDA:1,(anonymous_4)
FNDA:1,(anonymous_5)
FNDA:0,(anonymous_6)
FNDA:2,hasRole
FNDA:0,meetsRequirements
FNDA:1,signToken
FNDA:0,setTokenCookie
DA:3,1
DA:6,1
DA:7,1
DA:8,1
DA:9,1
DA:12,6
DA:14,1
DA:16,1
DA:18,1
DA:20,1
DA:22,1
DA:24,1
DA:26,1
DA:28,1
DA:30,1
DA:32,1
DA:34,1
DA:36,1
DA:38,1
DA:47,1
DA:48,5
DA:52,2
DA:53,0
DA:55,2
DA:59,1
DA:60,1
DA:61,0
DA:63,1
DA:64,1
DA:66,0
DA:75,1
DA:76,2
DA:77,0
DA:80,2
DA:81,0
DA:82,0
DA:84,0
DA:93,1
DA:94,1
DA:103,1
DA:104,0
DA:105,0
DA:107,0
DA:108,0
DA:109,0
LF:45
LH:33
BRDA:12,1,0,0
BRDA:12,1,1,6
BRDA:12,2,0,6
BRDA:12,2,1,6
BRDA:52,3,0,0
BRDA:52,3,1,2
BRDA:52,4,0,2
BRDA:52,4,1,2
BRDA:60,5,0,0
BRDA:60,5,1,1
BRDA:76,6,0,0
BRDA:76,6,1,2
BRDA:81,7,0,0
BRDA:81,7,1,0
BRDA:104,8,0,0
BRDA:104,8,1,0
BRF:16
BRH:9
end_of_record
TN:
SF:C:\git\automa\server\auth\index.js
FN:8,_interopRequireDefault
FNF:1
FNH:1
FNDA:4,_interopRequireDefault
DA:3,1
DA:8,4
DA:10,1
DA:12,1
DA:14,1
DA:16,1
DA:18,1
DA:20,1
DA:22,1
DA:24,1
DA:27,1
DA:29,1
DA:31,1
DA:33,1
DA:34,1
LF:15
LH:15
BRDA:8,1,0,0
BRDA:8,1,1,4
BRDA:8,2,0,4
BRDA:8,2,1,4
BRF:4
BRH:4
end_of_record
TN:
SF:C:\git\automa\server\auth\local\passport.js
FN:9,_interopRequireDefault
FN:17,localAuthenticate
FN:20,(anonymous_3)
FN:26,(anonymous_4)
FN:36,(anonymous_5)
FN:41,setup
FN:45,(anonymous_7)
FNF:7
FNH:6
FNDA:1,_interopRequireDefault
FNDA:1,localAuthenticate
FNDA:1,(anonymous_3)
FNDA:1,(anonymous_4)
FNDA:0,(anonymous_5)
FNDA:1,setup
FNDA:1,(anonymous_7)
DA:3,1
DA:6,1
DA:9,1
DA:11,1
DA:13,1
DA:15,1
DA:17,1
DA:18,1
DA:21,1
DA:22,0
DA:26,1
DA:27,1
DA:28,0
DA:30,1
DA:31,0
DA:33,1
DA:37,0
DA:41,1
DA:42,1
DA:46,1
LF:20
LH:16
BRDA:9,1,0,0
BRDA:9,1,1,1
BRDA:9,2,0,1
BRDA:9,2,1,1
BRDA:21,3,0,0
BRDA:21,3,1,1
BRDA:27,4,0,0
BRDA:27,4,1,1
BRDA:30,5,0,0
BRDA:30,5,1,1
BRF:10
BRH:7
end_of_record
TN:
SF:C:\git\automa\server\auth\local\index.js
FN:8,_interopRequireDefault
FN:22,(anonymous_2)
FN:23,(anonymous_3)
FNF:3
FNH:3
FNDA:2,_interopRequireDefault
FNDA:1,(anonymous_2)
FNDA:1,(anonymous_3)
DA:3,1
DA:8,2
DA:10,1
DA:12,1
DA:14,1
DA:16,1
DA:18,1
DA:20,1
DA:22,1
DA:23,1
DA:24,1
DA:25,1
DA:26,0
DA:28,1
DA:29,0
DA:32,1
DA:33,1
DA:37,1
DA:38,1
LF:19
LH:17
BRDA:8,1,0,0
BRDA:8,1,1,2
BRDA:8,2,0,2
BRDA:8,2,1,2
BRDA:24,3,0,1
BRDA:24,3,1,1
BRDA:25,4,0,0
BRDA:25,4,1,1
BRDA:28,5,0,0
BRDA:28,5,1,1
BRF:10
BRH:8
end_of_record
